Using pre-set license
Built from '2020.2/staging' branch; Version is '2020.2.7f1 (c53830e277f1) revision 12924976'; Using compiler version '192528614'; Build Type 'Release'
OS: 'Windows 10 Enterprise LTSC 2019; OS build 17763.3165; Version 1809; 64bit' Language: 'ru' Physical Memory: 16226 MB
BatchMode: 1, IsHumanControllingUs: 0, StartBugReporterOnCrash: 0, Is64bit: 1, IsPro: 0

 COMMAND LINE ARGUMENTS:
D:\Unity\Editor\Unity.exe
-adb2
-batchMode
-noUpm
-name
AssetImportWorker0
-projectPath
C:/Users/Андрей/Main
-logFile
Logs/AssetImportWorker0.log
-srvPort
12770
Successfully changed project path to: C:/Users/Андрей/Main
C:/Users/Андрей/Main
Using Asset Import Pipeline V2.
Refreshing native plugins compatible for Editor in 22.51 ms, found 0 plugins.
Preloading 0 native plugins for Editor in 0.00 ms.
Initialize engine version: 2020.2.7f1 (c53830e277f1)
[Subsystems] Discovering subsystems at path D:/Unity/Editor/Data/Resources/UnitySubsystems
[Subsystems] Discovering subsystems at path C:/Users/Андрей/Main/Assets
GfxDevice: creating device client; threaded=0
Direct3D:
    Version:  Direct3D 11.0 [level 11.1]
    Renderer: NVIDIA GeForce GTX 1650 Ti with Max-Q Design (ID=0x1f95)
    Vendor:   
    VRAM:     3949 MB
    Driver:   31.0.15.2756
Initialize mono
Mono path[0] = 'D:/Unity/Editor/Data/Managed'
Mono path[1] = 'D:/Unity/Editor/Data/MonoBleedingEdge/lib/mono/unityjit'
Mono config path = 'D:/Unity/Editor/Data/MonoBleedingEdge/etc'
Using monoOptions --debugger-agent=transport=dt_socket,embedding=1,server=y,suspend=n,address=127.0.0.1:56692
Begin MonoManager ReloadAssembly
Registering precompiled unity dll's ...
Register platform support module: D:/Unity/Editor/Data/PlaybackEngines/WindowsStandaloneSupport/UnityEditor.WindowsStandalone.Extensions.dll
Registered in 0.000766 seconds.
Native extension for WindowsStandalone target not found
Refreshing native plugins compatible for Editor in 22.90 ms, found 0 plugins.
Preloading 0 native plugins for Editor in 0.00 ms.
Invoked RoslynAnalysisRunner static constructor.
RoslynAnalysisRunner will not be running.
RoslynAnalysisRunner has terminated.
Mono: successfully reloaded assembly
- Completed reload, in  0.695 seconds
Platform modules already initialized, skipping
Registering precompiled user dll's ...
Registered in 0.000512 seconds.
Begin MonoManager ReloadAssembly
Native extension for WindowsStandalone target not found
Refreshing native plugins compatible for Editor in 0.22 ms, found 0 plugins.
Preloading 0 native plugins for Editor in 0.00 ms.
Invoked RoslynAnalysisRunner static constructor.
RoslynAnalysisRunner will not be running.
RoslynAnalysisRunner has terminated.
Mono: successfully reloaded assembly
- Completed reload, in  0.682 seconds
Platform modules already initialized, skipping
========================================================================
Worker process is ready to serve import requests
Launched and connected shader compiler UnityShaderCompiler.exe after 0.03 seconds
Refreshing native plugins compatible for Editor in 0.25 ms, found 0 plugins.
Preloading 0 native plugins for Editor in 0.00 ms.
Unloading 1125 Unused Serialized files (Serialized files now loaded: 0)
System memory in use before: 70.8 MB.
System memory in use after: 70.8 MB.

Unloading 10 unused Assets to reduce memory usage. Loaded Objects now: 1587.
Total: 2.047700 ms (FindLiveObjects: 0.269200 ms CreateObjectMapping: 0.134800 ms MarkObjects: 1.513300 ms  DeleteObjects: 0.129600 ms)

========================================================================
Received Import Request.
  path: Assets/Scripts
  artifactKey: Guid(45fa2b21d4463f749b9d528a8aaa2532) Importer(815301076,1909f56bfc062723c751e8b465ee728b)
Start importing Assets/Scripts using Guid(45fa2b21d4463f749b9d528a8aaa2532) Importer(815301076,1909f56bfc062723c751e8b465ee728b)  -> (artifact id: '8b2a56d51b9fb37d171b4249f6283dfe') in 0.007728 seconds
  Import took 0.009487 seconds .

========================================================================
Received Import Request.
  Time since last request: 0.135492 seconds.
  path: Assets/Aim.cs
  artifactKey: Guid(0147e6c5d8f2cc942bb9808f175454f5) Importer(815301076,1909f56bfc062723c751e8b465ee728b)
Start importing Assets/Aim.cs using Guid(0147e6c5d8f2cc942bb9808f175454f5) Importer(815301076,1909f56bfc062723c751e8b465ee728b)  -> (artifact id: 'c71a84a58af74b259177f7b1ee65b8c8') in 0.018863 seconds
  Import took 0.021158 seconds .

========================================================================
Received Import Request.
  Time since last request: 0.016827 seconds.
  path: Assets/Aim.cs
  artifactKey: Guid(0147e6c5d8f2cc942bb9808f175454f5) Importer(815301076,1909f56bfc062723c751e8b465ee728b)
Start importing Assets/Aim.cs using Guid(0147e6c5d8f2cc942bb9808f175454f5) Importer(815301076,1909f56bfc062723c751e8b465ee728b)  -> (artifact id: 'c71a84a58af74b259177f7b1ee65b8c8') in 0.001359 seconds
  Import took 0.003567 seconds .

========================================================================
Received Import Request.
  Time since last request: 23.346100 seconds.
  path: Assets/Aim1.cs
  artifactKey: Guid(ca1dd09d61e44494ebe30b962885636a) Importer(815301076,1909f56bfc062723c751e8b465ee728b)
Start importing Assets/Aim1.cs using Guid(ca1dd09d61e44494ebe30b962885636a) Importer(815301076,1909f56bfc062723c751e8b465ee728b)  -> (artifact id: '185a1b16241ff6c9ab2530f8a0f5aeff') in 0.001165 seconds
  Import took 0.002974 seconds .

========================================================================
Received Import Request.
  Time since last request: 0.001159 seconds.
  path: Assets/Aim1.cs
  artifactKey: Guid(ca1dd09d61e44494ebe30b962885636a) Importer(815301076,1909f56bfc062723c751e8b465ee728b)
Start importing Assets/Aim1.cs using Guid(ca1dd09d61e44494ebe30b962885636a) Importer(815301076,1909f56bfc062723c751e8b465ee728b)  -> (artifact id: '185a1b16241ff6c9ab2530f8a0f5aeff') in 0.001299 seconds
  Import took 0.002993 seconds .

========================================================================
Received Import Request.
  Time since last request: 13.080124 seconds.
  path: Assets/mainCamera1.cs
  artifactKey: Guid(e0cbb87d4c9b4c74fb75c795ace0841d) Importer(815301076,1909f56bfc062723c751e8b465ee728b)
Start importing Assets/mainCamera1.cs using Guid(e0cbb87d4c9b4c74fb75c795ace0841d) Importer(815301076,1909f56bfc062723c751e8b465ee728b)  -> (artifact id: '2ff1f7b5543b01a4af58523c5eae1bfd') in 0.001023 seconds
  Import took 0.002702 seconds .

========================================================================
Received Import Request.
  Time since last request: 0.001023 seconds.
  path: Assets/mainCamera1.cs
  artifactKey: Guid(e0cbb87d4c9b4c74fb75c795ace0841d) Importer(815301076,1909f56bfc062723c751e8b465ee728b)
Start importing Assets/mainCamera1.cs using Guid(e0cbb87d4c9b4c74fb75c795ace0841d) Importer(815301076,1909f56bfc062723c751e8b465ee728b)  -> (artifact id: '2ff1f7b5543b01a4af58523c5eae1bfd') in 0.001123 seconds
  Import took 0.002717 seconds .

========================================================================
Received Prepare
Registering precompiled user dll's ...
Registered in 0.000392 seconds.
Begin MonoManager ReloadAssembly
Native extension for WindowsStandalone target not found
Refreshing native plugins compatible for Editor in 0.21 ms, found 0 plugins.
Preloading 0 native plugins for Editor in 0.00 ms.
Invoked RoslynAnalysisRunner static constructor.
RoslynAnalysisRunner will not be running.
RoslynAnalysisRunner has terminated.
Mono: successfully reloaded assembly
- Completed reload, in  0.660 seconds
Platform modules already initialized, skipping
Refreshing native plugins compatible for Editor in 0.33 ms, found 0 plugins.
Preloading 0 native plugins for Editor in 0.00 ms.
Unloading 1120 Unused Serialized files (Serialized files now loaded: 0)
System memory in use before: 70.7 MB.
System memory in use after: 70.8 MB.

Unloading 5 unused Assets to reduce memory usage. Loaded Objects now: 1590.
Total: 2.439400 ms (FindLiveObjects: 0.202600 ms CreateObjectMapping: 0.073900 ms MarkObjects: 2.057700 ms  DeleteObjects: 0.103800 ms)

========================================================================
Received Prepare
Registering precompiled user dll's ...
Registered in 0.000456 seconds.
Begin MonoManager ReloadAssembly
Native extension for WindowsStandalone target not found
Refreshing native plugins compatible for Editor in 0.22 ms, found 0 plugins.
Preloading 0 native plugins for Editor in 0.00 ms.
Invoked RoslynAnalysisRunner static constructor.
RoslynAnalysisRunner will not be running.
RoslynAnalysisRunner has terminated.
Mono: successfully reloaded assembly
- Completed reload, in  0.641 seconds
Platform modules already initialized, skipping
Refreshing native plugins compatible for Editor in 0.34 ms, found 0 plugins.
Preloading 0 native plugins for Editor in 0.00 ms.
Unloading 1120 Unused Serialized files (Serialized files now loaded: 0)
System memory in use before: 70.8 MB.
System memory in use after: 70.8 MB.

Unloading 5 unused Assets to reduce memory usage. Loaded Objects now: 1593.
Total: 2.118700 ms (FindLiveObjects: 0.178200 ms CreateObjectMapping: 0.043800 ms MarkObjects: 1.794200 ms  DeleteObjects: 0.101400 ms)

========================================================================
Received Import Request.
  Time since last request: 50.784567 seconds.
  path: Assets/bear.prefab
  artifactKey: Guid(f142c4ebfd6aa0149a476b200ff38e48) Importer(815301076,1909f56bfc062723c751e8b465ee728b)
Start importing Assets/bear.prefab using Guid(f142c4ebfd6aa0149a476b200ff38e48) Importer(815301076,1909f56bfc062723c751e8b465ee728b)  -> (artifact id: '64e0e756741c9e09e8f0fa607cec080e') in 0.181193 seconds
  Import took 0.183509 seconds .

========================================================================
Received Import Request.
  Time since last request: 1.399533 seconds.
  path: Assets/bear.prefab
  artifactKey: Guid(f142c4ebfd6aa0149a476b200ff38e48) Importer(815301076,1909f56bfc062723c751e8b465ee728b)
Start importing Assets/bear.prefab using Guid(f142c4ebfd6aa0149a476b200ff38e48) Importer(815301076,1909f56bfc062723c751e8b465ee728b)  -> (artifact id: 'b1a8552328cdc3f6b7ed5e6295907d31') in 0.008570 seconds
  Import took 0.010515 seconds .

========================================================================
Received Import Request.
  Time since last request: 0.006110 seconds.
  path: Assets/bear.prefab
  artifactKey: Guid(f142c4ebfd6aa0149a476b200ff38e48) Importer(815301076,1909f56bfc062723c751e8b465ee728b)
Start importing Assets/bear.prefab using Guid(f142c4ebfd6aa0149a476b200ff38e48) Importer(815301076,1909f56bfc062723c751e8b465ee728b)  -> (artifact id: 'b1a8552328cdc3f6b7ed5e6295907d31') in 0.006561 seconds
  Import took 0.008432 seconds .

========================================================================
Received Import Request.
  Time since last request: 25.418231 seconds.
  path: Assets/deer_1.prefab
  artifactKey: Guid(f3dd979ccc6694b46a30d3624244917e) Importer(815301076,1909f56bfc062723c751e8b465ee728b)
Start importing Assets/deer_1.prefab using Guid(f3dd979ccc6694b46a30d3624244917e) Importer(815301076,1909f56bfc062723c751e8b465ee728b)  -> (artifact id: '5fa7a240131cbac3168a92e78c3720df') in 0.009617 seconds
  Import took 0.011695 seconds .

========================================================================
Received Import Request.
  Time since last request: 0.004990 seconds.
  path: Assets/deer_1.prefab
  artifactKey: Guid(f3dd979ccc6694b46a30d3624244917e) Importer(815301076,1909f56bfc062723c751e8b465ee728b)
Start importing Assets/deer_1.prefab using Guid(f3dd979ccc6694b46a30d3624244917e) Importer(815301076,1909f56bfc062723c751e8b465ee728b)  -> (artifact id: '5fa7a240131cbac3168a92e78c3720df') in 0.008576 seconds
  Import took 0.010496 seconds .

========================================================================
Received Import Request.
  Time since last request: 4.436654 seconds.
  path: Assets/deer_1.prefab
  artifactKey: Guid(f3dd979ccc6694b46a30d3624244917e) Importer(815301076,1909f56bfc062723c751e8b465ee728b)
Start importing Assets/deer_1.prefab using Guid(f3dd979ccc6694b46a30d3624244917e) Importer(815301076,1909f56bfc062723c751e8b465ee728b)  -> (artifact id: '35ceb6dc7e2f17710ecf326413425e16') in 0.008456 seconds
  Import took 0.010339 seconds .

========================================================================
Received Import Request.
  Time since last request: 0.006051 seconds.
  path: Assets/deer_1.prefab
  artifactKey: Guid(f3dd979ccc6694b46a30d3624244917e) Importer(815301076,1909f56bfc062723c751e8b465ee728b)
Start importing Assets/deer_1.prefab using Guid(f3dd979ccc6694b46a30d3624244917e) Importer(815301076,1909f56bfc062723c751e8b465ee728b)  -> (artifact id: '35ceb6dc7e2f17710ecf326413425e16') in 0.008057 seconds
  Import took 0.009995 seconds .

========================================================================
Received Prepare
Registering precompiled user dll's ...
Registered in 0.000438 seconds.
Begin MonoManager ReloadAssembly
Native extension for WindowsStandalone target not found
Refreshing native plugins compatible for Editor in 0.25 ms, found 0 plugins.
Preloading 0 native plugins for Editor in 0.00 ms.
Invoked RoslynAnalysisRunner static constructor.
RoslynAnalysisRunner will not be running.
RoslynAnalysisRunner has terminated.
Mono: successfully reloaded assembly
- Completed reload, in  0.643 seconds
Platform modules already initialized, skipping
Refreshing native plugins compatible for Editor in 0.36 ms, found 0 plugins.
Preloading 0 native plugins for Editor in 0.00 ms.
Unloading 1120 Unused Serialized files (Serialized files now loaded: 0)
System memory in use before: 87.9 MB.
System memory in use after: 88.0 MB.

Unloading 5 unused Assets to reduce memory usage. Loaded Objects now: 1604.
Total: 2.136400 ms (FindLiveObjects: 0.215500 ms CreateObjectMapping: 0.068900 ms MarkObjects: 1.750300 ms  DeleteObjects: 0.100100 ms)

========================================================================
Received Import Request.
  Time since last request: 69.468291 seconds.
  path: Assets/LowPolyCharacter2.prefab
  artifactKey: Guid(e9f3634433340014c9900cea2928d699) Importer(815301076,1909f56bfc062723c751e8b465ee728b)
Start importing Assets/LowPolyCharacter2.prefab using Guid(e9f3634433340014c9900cea2928d699) Importer(815301076,1909f56bfc062723c751e8b465ee728b)  -> (artifact id: '3d762aaf99caf259906907f6a473f985') in 0.084855 seconds
  Import took 0.087734 seconds .

========================================================================
Received Prepare
Registering precompiled user dll's ...
Registered in 0.000440 seconds.
Begin MonoManager ReloadAssembly
Native extension for WindowsStandalone target not found
Refreshing native plugins compatible for Editor in 0.22 ms, found 0 plugins.
Preloading 0 native plugins for Editor in 0.00 ms.
Invoked RoslynAnalysisRunner static constructor.
RoslynAnalysisRunner will not be running.
RoslynAnalysisRunner has terminated.
Mono: successfully reloaded assembly
- Completed reload, in  0.671 seconds
Platform modules already initialized, skipping
Refreshing native plugins compatible for Editor in 0.22 ms, found 0 plugins.
Preloading 0 native plugins for Editor in 0.00 ms.
Unloading 1120 Unused Serialized files (Serialized files now loaded: 0)
System memory in use before: 88.0 MB.
System memory in use after: 88.1 MB.

Unloading 5 unused Assets to reduce memory usage. Loaded Objects now: 1610.
Total: 2.201500 ms (FindLiveObjects: 0.202400 ms CreateObjectMapping: 0.059400 ms MarkObjects: 1.837900 ms  DeleteObjects: 0.100500 ms)

========================================================================
Received Import Request.
  Time since last request: 7.261487 seconds.
  path: Assets/LowPolyCharacter2.prefab
  artifactKey: Guid(e9f3634433340014c9900cea2928d699) Importer(815301076,1909f56bfc062723c751e8b465ee728b)
Start importing Assets/LowPolyCharacter2.prefab using Guid(e9f3634433340014c9900cea2928d699) Importer(815301076,1909f56bfc062723c751e8b465ee728b)  -> (artifact id: '81a7aabe72e6cdb731fe9916324716c8') in 0.082744 seconds
  Import took 0.085982 seconds .

========================================================================
Received Prepare
Registering precompiled user dll's ...
Registered in 0.000452 seconds.
Begin MonoManager ReloadAssembly
Native extension for WindowsStandalone target not found
Refreshing native plugins compatible for Editor in 0.35 ms, found 0 plugins.
Preloading 0 native plugins for Editor in 0.00 ms.
Invoked RoslynAnalysisRunner static constructor.
RoslynAnalysisRunner will not be running.
RoslynAnalysisRunner has terminated.
Mono: successfully reloaded assembly
- Completed reload, in  0.901 seconds
Platform modules already initialized, skipping
Refreshing native plugins compatible for Editor in 0.37 ms, found 0 plugins.
Preloading 0 native plugins for Editor in 0.00 ms.
Unloading 1120 Unused Serialized files (Serialized files now loaded: 0)
System memory in use before: 88.0 MB.
System memory in use after: 88.1 MB.

Unloading 5 unused Assets to reduce memory usage. Loaded Objects now: 1614.
Total: 2.500700 ms (FindLiveObjects: 0.194500 ms CreateObjectMapping: 0.058000 ms MarkObjects: 2.128200 ms  DeleteObjects: 0.118400 ms)

========================================================================
Received Import Request.
  Time since last request: 128.577833 seconds.
  path: Assets/PlayerMovement.cs
  artifactKey: Guid(6f841fb000c1753488833f25aafe3943) Importer(815301076,1909f56bfc062723c751e8b465ee728b)
Start importing Assets/PlayerMovement.cs using Guid(6f841fb000c1753488833f25aafe3943) Importer(815301076,1909f56bfc062723c751e8b465ee728b)  -> (artifact id: '45d5bd7471e9db12f02862c98df7b0e4') in 0.003062 seconds
  Import took 0.005146 seconds .

========================================================================
Received Prepare
Registering precompiled user dll's ...
Registered in 0.000444 seconds.
Begin MonoManager ReloadAssembly
Native extension for WindowsStandalone target not found
Refreshing native plugins compatible for Editor in 0.22 ms, found 0 plugins.
Preloading 0 native plugins for Editor in 0.00 ms.
Invoked RoslynAnalysisRunner static constructor.
RoslynAnalysisRunner will not be running.
RoslynAnalysisRunner has terminated.
Mono: successfully reloaded assembly
- Completed reload, in  0.622 seconds
Platform modules already initialized, skipping
Refreshing native plugins compatible for Editor in 0.27 ms, found 0 plugins.
Preloading 0 native plugins for Editor in 0.00 ms.
Unloading 1120 Unused Serialized files (Serialized files now loaded: 0)
System memory in use before: 88.0 MB.
System memory in use after: 88.1 MB.

Unloading 5 unused Assets to reduce memory usage. Loaded Objects now: 1617.
Total: 2.425800 ms (FindLiveObjects: 0.212200 ms CreateObjectMapping: 0.059300 ms MarkObjects: 2.037900 ms  DeleteObjects: 0.115000 ms)

========================================================================
Received Import Request.
  Time since last request: 111.730305 seconds.
  path: Assets/bullet2.prefab
  artifactKey: Guid(a427907588d478b4397c612bc8f45cac) Importer(815301076,1909f56bfc062723c751e8b465ee728b)
Start importing Assets/bullet2.prefab using Guid(a427907588d478b4397c612bc8f45cac) Importer(815301076,1909f56bfc062723c751e8b465ee728b)  -> (artifact id: 'e128a4eb40f8eea2787e69ce0f0d9c0f') in 0.069833 seconds
  Import took 0.072293 seconds .

========================================================================
Received Import Request.
  Time since last request: 1.941367 seconds.
  path: Assets/bullet2.prefab
  artifactKey: Guid(a427907588d478b4397c612bc8f45cac) Importer(815301076,1909f56bfc062723c751e8b465ee728b)
Start importing Assets/bullet2.prefab using Guid(a427907588d478b4397c612bc8f45cac) Importer(815301076,1909f56bfc062723c751e8b465ee728b)  -> (artifact id: '3bc225fb02e9b1a8e7cd2a458700c47b') in 0.016910 seconds
  Import took 0.019383 seconds .

========================================================================
Received Prepare
Registering precompiled user dll's ...
Registered in 0.000437 seconds.
Begin MonoManager ReloadAssembly
Native extension for WindowsStandalone target not found
Refreshing native plugins compatible for Editor in 0.24 ms, found 0 plugins.
Preloading 0 native plugins for Editor in 0.00 ms.
Invoked RoslynAnalysisRunner static constructor.
RoslynAnalysisRunner will not be running.
RoslynAnalysisRunner has terminated.
Mono: successfully reloaded assembly
- Completed reload, in  0.705 seconds
Platform modules already initialized, skipping
Refreshing native plugins compatible for Editor in 0.23 ms, found 0 plugins.
Preloading 0 native plugins for Editor in 0.00 ms.
Unloading 1120 Unused Serialized files (Serialized files now loaded: 0)
System memory in use before: 88.1 MB.
System memory in use after: 88.1 MB.

Unloading 5 unused Assets to reduce memory usage. Loaded Objects now: 1621.
Total: 2.439800 ms (FindLiveObjects: 0.224800 ms CreateObjectMapping: 0.064400 ms MarkObjects: 2.051900 ms  DeleteObjects: 0.097400 ms)

========================================================================
Received Import Request.
  Time since last request: 10.073945 seconds.
  path: Assets/bullet2.prefab
  artifactKey: Guid(a427907588d478b4397c612bc8f45cac) Importer(815301076,1909f56bfc062723c751e8b465ee728b)
Start importing Assets/bullet2.prefab using Guid(a427907588d478b4397c612bc8f45cac) Importer(815301076,1909f56bfc062723c751e8b465ee728b)  -> (artifact id: 'ede29295fadd740fd12d96069d0e8ce5') in 0.050418 seconds
  Import took 0.052524 seconds .

========================================================================
Received Import Request.
  Time since last request: 14.733010 seconds.
  path: Assets/bullet2.prefab
  artifactKey: Guid(a427907588d478b4397c612bc8f45cac) Importer(815301076,1909f56bfc062723c751e8b465ee728b)
Start importing Assets/bullet2.prefab using Guid(a427907588d478b4397c612bc8f45cac) Importer(815301076,1909f56bfc062723c751e8b465ee728b)  -> (artifact id: '27a91e470ec881c273974fbb32409297') in 0.013492 seconds
  Import took 0.015402 seconds .

========================================================================
Received Import Request.
  Time since last request: 3.137283 seconds.
  path: Assets/bullet2.prefab
  artifactKey: Guid(a427907588d478b4397c612bc8f45cac) Importer(815301076,1909f56bfc062723c751e8b465ee728b)
Start importing Assets/bullet2.prefab using Guid(a427907588d478b4397c612bc8f45cac) Importer(815301076,1909f56bfc062723c751e8b465ee728b)  -> (artifact id: '725d4bbba238ca3512f4db11b20af93b') in 0.006442 seconds
  Import took 0.008338 seconds .

========================================================================
Received Import Request.
  Time since last request: 0.006066 seconds.
  path: Assets/bullet2.prefab
  artifactKey: Guid(a427907588d478b4397c612bc8f45cac) Importer(815301076,1909f56bfc062723c751e8b465ee728b)
Start importing Assets/bullet2.prefab using Guid(a427907588d478b4397c612bc8f45cac) Importer(815301076,1909f56bfc062723c751e8b465ee728b)  -> (artifact id: '725d4bbba238ca3512f4db11b20af93b') in 0.005282 seconds
  Import took 0.007159 seconds .

========================================================================
Received Import Request.
  Time since last request: 5.939403 seconds.
  path: Assets/bullet2.prefab
  artifactKey: Guid(a427907588d478b4397c612bc8f45cac) Importer(815301076,1909f56bfc062723c751e8b465ee728b)
Start importing Assets/bullet2.prefab using Guid(a427907588d478b4397c612bc8f45cac) Importer(815301076,1909f56bfc062723c751e8b465ee728b)  -> (artifact id: '2da94ebd8a79f9144a0801fa394545eb') in 0.013784 seconds
  Import took 0.015601 seconds .

========================================================================
Received Import Request.
  Time since last request: 0.001523 seconds.
  path: Assets/bullet2.prefab
  artifactKey: Guid(a427907588d478b4397c612bc8f45cac) Importer(815301076,1909f56bfc062723c751e8b465ee728b)
Start importing Assets/bullet2.prefab using Guid(a427907588d478b4397c612bc8f45cac) Importer(815301076,1909f56bfc062723c751e8b465ee728b)  -> (artifact id: '2da94ebd8a79f9144a0801fa394545eb') in 0.005271 seconds
  Import took 0.007119 seconds .

========================================================================
Received Prepare
Registering precompiled user dll's ...
Registered in 0.000499 seconds.
Begin MonoManager ReloadAssembly
Native extension for WindowsStandalone target not found
Refreshing native plugins compatible for Editor in 0.22 ms, found 0 plugins.
Preloading 0 native plugins for Editor in 0.00 ms.
Invoked RoslynAnalysisRunner static constructor.
RoslynAnalysisRunner will not be running.
RoslynAnalysisRunner has terminated.
Mono: successfully reloaded assembly
- Completed reload, in  0.626 seconds
Platform modules already initialized, skipping
Refreshing native plugins compatible for Editor in 0.22 ms, found 0 plugins.
Preloading 0 native plugins for Editor in 0.00 ms.
Unloading 1120 Unused Serialized files (Serialized files now loaded: 0)
System memory in use before: 88.1 MB.
System memory in use after: 88.2 MB.

Unloading 5 unused Assets to reduce memory usage. Loaded Objects now: 1625.
Total: 2.212200 ms (FindLiveObjects: 0.195900 ms CreateObjectMapping: 0.056400 ms MarkObjects: 1.854800 ms  DeleteObjects: 0.103700 ms)

========================================================================
Received Import Request.
  Time since last request: 55.103605 seconds.
  path: Assets/deer_1.prefab
  artifactKey: Guid(f3dd979ccc6694b46a30d3624244917e) Importer(815301076,1909f56bfc062723c751e8b465ee728b)
Start importing Assets/deer_1.prefab using Guid(f3dd979ccc6694b46a30d3624244917e) Importer(815301076,1909f56bfc062723c751e8b465ee728b)  -> (artifact id: '535568a6fc42fe65e2bd9df8d3cc4923') in 0.073088 seconds
  Import took 0.075517 seconds .

========================================================================
Received Import Request.
  Time since last request: 2.251239 seconds.
  path: Assets/deer_1.prefab
  artifactKey: Guid(f3dd979ccc6694b46a30d3624244917e) Importer(815301076,1909f56bfc062723c751e8b465ee728b)
Start importing Assets/deer_1.prefab using Guid(f3dd979ccc6694b46a30d3624244917e) Importer(815301076,1909f56bfc062723c751e8b465ee728b)  -> (artifact id: 'd4b3c8b532a0bc538dfad5546a041479') in 0.009446 seconds
  Import took 0.011349 seconds .

========================================================================
Received Import Request.
  Time since last request: 1.855890 seconds.
  path: Assets/deer_1.prefab
  artifactKey: Guid(f3dd979ccc6694b46a30d3624244917e) Importer(815301076,1909f56bfc062723c751e8b465ee728b)
Start importing Assets/deer_1.prefab using Guid(f3dd979ccc6694b46a30d3624244917e) Importer(815301076,1909f56bfc062723c751e8b465ee728b)  -> (artifact id: '10a77e820fc3ac2d7344da2eb8767f45') in 0.009931 seconds
  Import took 0.011863 seconds .

========================================================================
Received Import Request.
  Time since last request: 1.724553 seconds.
  path: Assets/deer_1.prefab
  artifactKey: Guid(f3dd979ccc6694b46a30d3624244917e) Importer(815301076,1909f56bfc062723c751e8b465ee728b)
Start importing Assets/deer_1.prefab using Guid(f3dd979ccc6694b46a30d3624244917e) Importer(815301076,1909f56bfc062723c751e8b465ee728b)  -> (artifact id: '51ad132fbcee31b4842e2d958cc3effe') in 0.009929 seconds
  Import took 0.011899 seconds .

========================================================================
Received Import Request.
  Time since last request: 4.405492 seconds.
  path: Assets/deer_1.prefab
  artifactKey: Guid(f3dd979ccc6694b46a30d3624244917e) Importer(815301076,1909f56bfc062723c751e8b465ee728b)
Start importing Assets/deer_1.prefab using Guid(f3dd979ccc6694b46a30d3624244917e) Importer(815301076,1909f56bfc062723c751e8b465ee728b)  -> (artifact id: '790ee165bdeeda6d6d72436689ae964f') in 0.008867 seconds
  Import took 0.010861 seconds .

========================================================================
Received Import Request.
  Time since last request: 6.882753 seconds.
  path: Assets/deer_1.prefab
  artifactKey: Guid(f3dd979ccc6694b46a30d3624244917e) Importer(815301076,1909f56bfc062723c751e8b465ee728b)
Start importing Assets/deer_1.prefab using Guid(f3dd979ccc6694b46a30d3624244917e) Importer(815301076,1909f56bfc062723c751e8b465ee728b)  -> (artifact id: '6f23a0dad407c85108045fcb8bf698ff') in 0.007964 seconds
  Import took 0.009866 seconds .

========================================================================
Received Import Request.
  Time since last request: 0.962444 seconds.
  path: Assets/deer_1.prefab
  artifactKey: Guid(f3dd979ccc6694b46a30d3624244917e) Importer(815301076,1909f56bfc062723c751e8b465ee728b)
Start importing Assets/deer_1.prefab using Guid(f3dd979ccc6694b46a30d3624244917e) Importer(815301076,1909f56bfc062723c751e8b465ee728b)  -> (artifact id: '3a2f26fb89054f3ce61f9a0cc09461d7') in 0.007179 seconds
  Import took 0.009067 seconds .

========================================================================
Received Import Request.
  Time since last request: 3.865138 seconds.
  path: Assets/deer_1.prefab
  artifactKey: Guid(f3dd979ccc6694b46a30d3624244917e) Importer(815301076,1909f56bfc062723c751e8b465ee728b)
Start importing Assets/deer_1.prefab using Guid(f3dd979ccc6694b46a30d3624244917e) Importer(815301076,1909f56bfc062723c751e8b465ee728b)  -> (artifact id: '79bdd26f165cccda261315118595b83e') in 0.007567 seconds
  Import took 0.009463 seconds .

========================================================================
Received Import Request.
  Time since last request: 2.782583 seconds.
  path: Assets/deer_1.prefab
  artifactKey: Guid(f3dd979ccc6694b46a30d3624244917e) Importer(815301076,1909f56bfc062723c751e8b465ee728b)
Start importing Assets/deer_1.prefab using Guid(f3dd979ccc6694b46a30d3624244917e) Importer(815301076,1909f56bfc062723c751e8b465ee728b)  -> (artifact id: '3c4bfc1b9d28275563b06245e04af572') in 0.007510 seconds
  Import took 0.009395 seconds .

========================================================================
Received Import Request.
  Time since last request: 2.644785 seconds.
  path: Assets/deer_1.prefab
  artifactKey: Guid(f3dd979ccc6694b46a30d3624244917e) Importer(815301076,1909f56bfc062723c751e8b465ee728b)
Start importing Assets/deer_1.prefab using Guid(f3dd979ccc6694b46a30d3624244917e) Importer(815301076,1909f56bfc062723c751e8b465ee728b)  -> (artifact id: 'e30a2168920b3b3a5b93bb0f0f39a3b1') in 0.008969 seconds
  Import took 0.011076 seconds .

========================================================================
Received Import Request.
  Time since last request: 3.995295 seconds.
  path: Assets/deer_1.prefab
  artifactKey: Guid(f3dd979ccc6694b46a30d3624244917e) Importer(815301076,1909f56bfc062723c751e8b465ee728b)
Start importing Assets/deer_1.prefab using Guid(f3dd979ccc6694b46a30d3624244917e) Importer(815301076,1909f56bfc062723c751e8b465ee728b)  -> (artifact id: '33e88d566256c58598a00293f2cef1b4') in 0.007744 seconds
  Import took 0.009677 seconds .

========================================================================
Received Import Request.
  Time since last request: 4.042071 seconds.
  path: Assets/deer_1.prefab
  artifactKey: Guid(f3dd979ccc6694b46a30d3624244917e) Importer(815301076,1909f56bfc062723c751e8b465ee728b)
Start importing Assets/deer_1.prefab using Guid(f3dd979ccc6694b46a30d3624244917e) Importer(815301076,1909f56bfc062723c751e8b465ee728b)  -> (artifact id: 'ec4892906fa08259d1c4a560944f7b7e') in 0.009173 seconds
  Import took 0.011125 seconds .

========================================================================
Received Import Request.
  Time since last request: 4.826703 seconds.
  path: Assets/deer_1.prefab
  artifactKey: Guid(f3dd979ccc6694b46a30d3624244917e) Importer(815301076,1909f56bfc062723c751e8b465ee728b)
Start importing Assets/deer_1.prefab using Guid(f3dd979ccc6694b46a30d3624244917e) Importer(815301076,1909f56bfc062723c751e8b465ee728b)  -> (artifact id: 'dcdd91d501eba204da41db9b6c196f3b') in 0.009205 seconds
  Import took 0.011179 seconds .

========================================================================
Received Import Request.
  Time since last request: 30.424716 seconds.
  path: Assets/deer_1.prefab
  artifactKey: Guid(f3dd979ccc6694b46a30d3624244917e) Importer(815301076,1909f56bfc062723c751e8b465ee728b)
Start importing Assets/deer_1.prefab using Guid(f3dd979ccc6694b46a30d3624244917e) Importer(815301076,1909f56bfc062723c751e8b465ee728b)  -> (artifact id: '2b9826870d153bf8e2d2d125bac666b5') in 0.008315 seconds
  Import took 0.010248 seconds .

========================================================================
Received Import Request.
  Time since last request: 13.514128 seconds.
  path: Assets/deer_1.prefab
  artifactKey: Guid(f3dd979ccc6694b46a30d3624244917e) Importer(815301076,1909f56bfc062723c751e8b465ee728b)
Start importing Assets/deer_1.prefab using Guid(f3dd979ccc6694b46a30d3624244917e) Importer(815301076,1909f56bfc062723c751e8b465ee728b)  -> (artifact id: 'e4a32eb30e5959315cc0df63f9f50ec5') in 0.009123 seconds
  Import took 0.011150 seconds .

========================================================================
Received Import Request.
  Time since last request: 2.407634 seconds.
  path: Assets/deer_1.prefab
  artifactKey: Guid(f3dd979ccc6694b46a30d3624244917e) Importer(815301076,1909f56bfc062723c751e8b465ee728b)
Start importing Assets/deer_1.prefab using Guid(f3dd979ccc6694b46a30d3624244917e) Importer(815301076,1909f56bfc062723c751e8b465ee728b)  -> (artifact id: '8f917b3ebc8039cb4224bd95033fe0f8') in 0.007079 seconds
  Import took 0.008949 seconds .

========================================================================
Received Import Request.
  Time since last request: 13.769263 seconds.
  path: Assets/deer_1.prefab
  artifactKey: Guid(f3dd979ccc6694b46a30d3624244917e) Importer(815301076,1909f56bfc062723c751e8b465ee728b)
Start importing Assets/deer_1.prefab using Guid(f3dd979ccc6694b46a30d3624244917e) Importer(815301076,1909f56bfc062723c751e8b465ee728b)  -> (artifact id: '480dd25636910e134710606baa756f77') in 0.011264 seconds
  Import took 0.013696 seconds .

========================================================================
Received Import Request.
  Time since last request: 5.254316 seconds.
  path: Assets/deer_1.prefab
  artifactKey: Guid(f3dd979ccc6694b46a30d3624244917e) Importer(815301076,1909f56bfc062723c751e8b465ee728b)
Start importing Assets/deer_1.prefab using Guid(f3dd979ccc6694b46a30d3624244917e) Importer(815301076,1909f56bfc062723c751e8b465ee728b)  -> (artifact id: '48c20471aa51afd46988543e9d5900fb') in 0.006969 seconds
  Import took 0.009522 seconds .

========================================================================
Received Import Request.
  Time since last request: 2.779462 seconds.
  path: Assets/deer_1.prefab
  artifactKey: Guid(f3dd979ccc6694b46a30d3624244917e) Importer(815301076,1909f56bfc062723c751e8b465ee728b)
Start importing Assets/deer_1.prefab using Guid(f3dd979ccc6694b46a30d3624244917e) Importer(815301076,1909f56bfc062723c751e8b465ee728b)  -> (artifact id: 'ec10197a4c4c5082fbb03ab64c5507d7') in 0.007865 seconds
  Import took 0.009791 seconds .

========================================================================
Received Import Request.
  Time since last request: 8.291031 seconds.
  path: Assets/deer_1.prefab
  artifactKey: Guid(f3dd979ccc6694b46a30d3624244917e) Importer(815301076,1909f56bfc062723c751e8b465ee728b)
Start importing Assets/deer_1.prefab using Guid(f3dd979ccc6694b46a30d3624244917e) Importer(815301076,1909f56bfc062723c751e8b465ee728b)  -> (artifact id: 'b82dd7c462f705f1e775678604eb91bc') in 0.008163 seconds
  Import took 0.010107 seconds .

========================================================================
Received Import Request.
  Time since last request: 6.007259 seconds.
  path: Assets/deer_1.prefab
  artifactKey: Guid(f3dd979ccc6694b46a30d3624244917e) Importer(815301076,1909f56bfc062723c751e8b465ee728b)
Start importing Assets/deer_1.prefab using Guid(f3dd979ccc6694b46a30d3624244917e) Importer(815301076,1909f56bfc062723c751e8b465ee728b)  -> (artifact id: 'aabf78c96a3dd7bce06ff9a954973834') in 0.006940 seconds
  Import took 0.008958 seconds .

========================================================================
Received Import Request.
  Time since last request: 2.413415 seconds.
  path: Assets/deer_1.prefab
  artifactKey: Guid(f3dd979ccc6694b46a30d3624244917e) Importer(815301076,1909f56bfc062723c751e8b465ee728b)
Start importing Assets/deer_1.prefab using Guid(f3dd979ccc6694b46a30d3624244917e) Importer(815301076,1909f56bfc062723c751e8b465ee728b)  -> (artifact id: 'd206b6ab64133d630bf6906bcd5cc405') in 0.007342 seconds
  Import took 0.009240 seconds .

========================================================================
Received Import Request.
  Time since last request: 10.613015 seconds.
  path: Assets/deer_1.prefab
  artifactKey: Guid(f3dd979ccc6694b46a30d3624244917e) Importer(815301076,1909f56bfc062723c751e8b465ee728b)
Start importing Assets/deer_1.prefab using Guid(f3dd979ccc6694b46a30d3624244917e) Importer(815301076,1909f56bfc062723c751e8b465ee728b)  -> (artifact id: '8d7a8494d2ef854812f887df2b83c061') in 0.008975 seconds
  Import took 0.011263 seconds .

========================================================================
Received Import Request.
  Time since last request: 14.783410 seconds.
  path: Assets/deer_1.prefab
  artifactKey: Guid(f3dd979ccc6694b46a30d3624244917e) Importer(815301076,1909f56bfc062723c751e8b465ee728b)
Start importing Assets/deer_1.prefab using Guid(f3dd979ccc6694b46a30d3624244917e) Importer(815301076,1909f56bfc062723c751e8b465ee728b)  -> (artifact id: '2af02f44611ec019405dcdfd30768837') in 0.009526 seconds
  Import took 0.011521 seconds .

========================================================================
Received Prepare
Registering precompiled user dll's ...
Registered in 0.000438 seconds.
Begin MonoManager ReloadAssembly
Native extension for WindowsStandalone target not found
Refreshing native plugins compatible for Editor in 0.22 ms, found 0 plugins.
Preloading 0 native plugins for Editor in 0.00 ms.
Invoked RoslynAnalysisRunner static constructor.
RoslynAnalysisRunner will not be running.
RoslynAnalysisRunner has terminated.
Mono: successfully reloaded assembly
- Completed reload, in  0.646 seconds
Platform modules already initialized, skipping
Refreshing native plugins compatible for Editor in 0.35 ms, found 0 plugins.
Preloading 0 native plugins for Editor in 0.00 ms.
Unloading 1120 Unused Serialized files (Serialized files now loaded: 0)
System memory in use before: 88.2 MB.
System memory in use after: 88.2 MB.

Unloading 5 unused Assets to reduce memory usage. Loaded Objects now: 1629.
Total: 1.869000 ms (FindLiveObjects: 0.188300 ms CreateObjectMapping: 0.051500 ms MarkObjects: 1.519600 ms  DeleteObjects: 0.108600 ms)

========================================================================
Received Import Request.
  Time since last request: 57.119074 seconds.
  path: Assets/deer_1.prefab
  artifactKey: Guid(f3dd979ccc6694b46a30d3624244917e) Importer(815301076,1909f56bfc062723c751e8b465ee728b)
Start importing Assets/deer_1.prefab using Guid(f3dd979ccc6694b46a30d3624244917e) Importer(815301076,1909f56bfc062723c751e8b465ee728b)  -> (artifact id: 'bf98be53f30667e398bfd0c121676606') in 0.073469 seconds
  Import took 0.075895 seconds .

========================================================================
Received Prepare
Registering precompiled user dll's ...
Registered in 0.000439 seconds.
Begin MonoManager ReloadAssembly
Native extension for WindowsStandalone target not found
Refreshing native plugins compatible for Editor in 0.22 ms, found 0 plugins.
Preloading 0 native plugins for Editor in 0.00 ms.
Invoked RoslynAnalysisRunner static constructor.
RoslynAnalysisRunner will not be running.
RoslynAnalysisRunner has terminated.
Mono: successfully reloaded assembly
- Completed reload, in  0.642 seconds
Platform modules already initialized, skipping
Refreshing native plugins compatible for Editor in 0.35 ms, found 0 plugins.
Preloading 0 native plugins for Editor in 0.00 ms.
Unloading 1120 Unused Serialized files (Serialized files now loaded: 0)
System memory in use before: 88.2 MB.
System memory in use after: 88.2 MB.

Unloading 5 unused Assets to reduce memory usage. Loaded Objects now: 1633.
Total: 2.195900 ms (FindLiveObjects: 0.192700 ms CreateObjectMapping: 0.057200 ms MarkObjects: 1.842200 ms  DeleteObjects: 0.102800 ms)

========================================================================
Received Prepare
Registering precompiled user dll's ...
Registered in 0.000430 seconds.
Begin MonoManager ReloadAssembly
Native extension for WindowsStandalone target not found
Refreshing native plugins compatible for Editor in 0.23 ms, found 0 plugins.
Preloading 0 native plugins for Editor in 0.00 ms.
Invoked RoslynAnalysisRunner static constructor.
RoslynAnalysisRunner will not be running.
RoslynAnalysisRunner has terminated.
Mono: successfully reloaded assembly
- Completed reload, in  0.629 seconds
Platform modules already initialized, skipping
Refreshing native plugins compatible for Editor in 0.33 ms, found 0 plugins.
Preloading 0 native plugins for Editor in 0.00 ms.
Unloading 1120 Unused Serialized files (Serialized files now loaded: 0)
System memory in use before: 88.2 MB.
System memory in use after: 88.2 MB.

Unloading 5 unused Assets to reduce memory usage. Loaded Objects now: 1636.
Total: 2.653700 ms (FindLiveObjects: 0.241400 ms CreateObjectMapping: 0.086500 ms MarkObjects: 2.206400 ms  DeleteObjects: 0.117800 ms)

========================================================================
Received Import Request.
  Time since last request: 93.193991 seconds.
  path: Assets/deer_1.prefab
  artifactKey: Guid(f3dd979ccc6694b46a30d3624244917e) Importer(815301076,1909f56bfc062723c751e8b465ee728b)
Start importing Assets/deer_1.prefab using Guid(f3dd979ccc6694b46a30d3624244917e) Importer(815301076,1909f56bfc062723c751e8b465ee728b)  -> (artifact id: '9c79a582f7d7384d4295d64a0f79ad42') in 0.068880 seconds
  Import took 0.071658 seconds .

========================================================================
Received Prepare
Registering precompiled user dll's ...
Registered in 0.000521 seconds.
Begin MonoManager ReloadAssembly
Native extension for WindowsStandalone target not found
Refreshing native plugins compatible for Editor in 0.22 ms, found 0 plugins.
Preloading 0 native plugins for Editor in 0.00 ms.
Invoked RoslynAnalysisRunner static constructor.
RoslynAnalysisRunner will not be running.
RoslynAnalysisRunner has terminated.
Mono: successfully reloaded assembly
- Completed reload, in  0.626 seconds
Platform modules already initialized, skipping
Refreshing native plugins compatible for Editor in 0.34 ms, found 0 plugins.
Preloading 0 native plugins for Editor in 0.00 ms.
Unloading 1120 Unused Serialized files (Serialized files now loaded: 0)
System memory in use before: 88.2 MB.
System memory in use after: 88.2 MB.

Unloading 5 unused Assets to reduce memory usage. Loaded Objects now: 1640.
Total: 1.598100 ms (FindLiveObjects: 0.200300 ms CreateObjectMapping: 0.051400 ms MarkObjects: 1.267300 ms  DeleteObjects: 0.077900 ms)

========================================================================
Received Import Request.
  Time since last request: 58.114612 seconds.
  path: Assets/Bullet.cs
  artifactKey: Guid(e137698d7d648924fbd124ee97f11d98) Importer(815301076,1909f56bfc062723c751e8b465ee728b)
Start importing Assets/Bullet.cs using Guid(e137698d7d648924fbd124ee97f11d98) Importer(815301076,1909f56bfc062723c751e8b465ee728b)  -> (artifact id: '0aee856b4275262fed0797e41fa52271') in 0.002951 seconds
  Import took 0.004968 seconds .

========================================================================
Received Import Request.
  Time since last request: 0.001324 seconds.
  path: Assets/Bullet.cs
  artifactKey: Guid(e137698d7d648924fbd124ee97f11d98) Importer(815301076,1909f56bfc062723c751e8b465ee728b)
Start importing Assets/Bullet.cs using Guid(e137698d7d648924fbd124ee97f11d98) Importer(815301076,1909f56bfc062723c751e8b465ee728b)  -> (artifact id: '0aee856b4275262fed0797e41fa52271') in 0.001124 seconds
  Import took 0.002815 seconds .

========================================================================
Received Prepare
Registering precompiled user dll's ...
Registered in 0.000429 seconds.
Begin MonoManager ReloadAssembly
Native extension for WindowsStandalone target not found
Refreshing native plugins compatible for Editor in 0.22 ms, found 0 plugins.
Preloading 0 native plugins for Editor in 0.00 ms.
Invoked RoslynAnalysisRunner static constructor.
RoslynAnalysisRunner will not be running.
RoslynAnalysisRunner has terminated.
Mono: successfully reloaded assembly
- Completed reload, in  0.676 seconds
Platform modules already initialized, skipping
Refreshing native plugins compatible for Editor in 0.27 ms, found 0 plugins.
Preloading 0 native plugins for Editor in 0.00 ms.
Unloading 1120 Unused Serialized files (Serialized files now loaded: 0)
System memory in use before: 88.2 MB.
System memory in use after: 88.3 MB.

Unloading 5 unused Assets to reduce memory usage. Loaded Objects now: 1643.
Total: 1.587000 ms (FindLiveObjects: 0.146700 ms CreateObjectMapping: 0.040900 ms MarkObjects: 1.290400 ms  DeleteObjects: 0.107300 ms)

========================================================================
Received Import Request.
  Time since last request: 14.132942 seconds.
  path: Assets/Bullet.cs
  artifactKey: Guid(e137698d7d648924fbd124ee97f11d98) Importer(815301076,1909f56bfc062723c751e8b465ee728b)
Start importing Assets/Bullet.cs using Guid(e137698d7d648924fbd124ee97f11d98) Importer(815301076,1909f56bfc062723c751e8b465ee728b)  -> (artifact id: 'eda1644aed20cb5b327f5c99037115cf') in 0.002991 seconds
  Import took 0.005205 seconds .

========================================================================
Received Prepare
Registering precompiled user dll's ...
Registered in 0.000533 seconds.
Begin MonoManager ReloadAssembly
Native extension for WindowsStandalone target not found
Refreshing native plugins compatible for Editor in 0.21 ms, found 0 plugins.
Preloading 0 native plugins for Editor in 0.00 ms.
Invoked RoslynAnalysisRunner static constructor.
RoslynAnalysisRunner will not be running.
RoslynAnalysisRunner has terminated.
Mono: successfully reloaded assembly
- Completed reload, in  0.637 seconds
Platform modules already initialized, skipping
Refreshing native plugins compatible for Editor in 0.24 ms, found 0 plugins.
Preloading 0 native plugins for Editor in 0.00 ms.
Unloading 1120 Unused Serialized files (Serialized files now loaded: 0)
System memory in use before: 88.2 MB.
System memory in use after: 88.3 MB.

Unloading 5 unused Assets to reduce memory usage. Loaded Objects now: 1646.
Total: 2.256100 ms (FindLiveObjects: 0.202500 ms CreateObjectMapping: 0.058400 ms MarkObjects: 1.887300 ms  DeleteObjects: 0.106500 ms)

========================================================================
Received Import Request.
  Time since last request: 183.441534 seconds.
  path: Assets/deer_1.prefab
  artifactKey: Guid(f3dd979ccc6694b46a30d3624244917e) Importer(815301076,1909f56bfc062723c751e8b465ee728b)
Start importing Assets/deer_1.prefab using Guid(f3dd979ccc6694b46a30d3624244917e) Importer(815301076,1909f56bfc062723c751e8b465ee728b)  -> (artifact id: 'f33c7529d758bb49f5c1fb4f56f33526') in 0.052611 seconds
  Import took 0.054861 seconds .

========================================================================
Received Import Request.
  Time since last request: 13.051408 seconds.
  path: Assets/deer_1.prefab
  artifactKey: Guid(f3dd979ccc6694b46a30d3624244917e) Importer(815301076,1909f56bfc062723c751e8b465ee728b)
Start importing Assets/deer_1.prefab using Guid(f3dd979ccc6694b46a30d3624244917e) Importer(815301076,1909f56bfc062723c751e8b465ee728b)  -> (artifact id: '3bb92d17d545791dba207399355344f0') in 0.012163 seconds
  Import took 0.014178 seconds .

========================================================================
Received Import Request.
  Time since last request: 21.817286 seconds.
  path: Assets/deer_1.prefab
  artifactKey: Guid(f3dd979ccc6694b46a30d3624244917e) Importer(815301076,1909f56bfc062723c751e8b465ee728b)
Start importing Assets/deer_1.prefab using Guid(f3dd979ccc6694b46a30d3624244917e) Importer(815301076,1909f56bfc062723c751e8b465ee728b)  -> (artifact id: '560acc18ec6a3213b10a2221a84a4715') in 0.009454 seconds
  Import took 0.011423 seconds .

========================================================================
Received Import Request.
  Time since last request: 2.007414 seconds.
  path: Assets/deer_1.prefab
  artifactKey: Guid(f3dd979ccc6694b46a30d3624244917e) Importer(815301076,1909f56bfc062723c751e8b465ee728b)
Start importing Assets/deer_1.prefab using Guid(f3dd979ccc6694b46a30d3624244917e) Importer(815301076,1909f56bfc062723c751e8b465ee728b)  -> (artifact id: '2c1fcb55895a9bfd78601b43787dcf86') in 0.010107 seconds
  Import took 0.012029 seconds .

========================================================================
Received Import Request.
  Time since last request: 1.404536 seconds.
  path: Assets/deer_1.prefab
  artifactKey: Guid(f3dd979ccc6694b46a30d3624244917e) Importer(815301076,1909f56bfc062723c751e8b465ee728b)
Start importing Assets/deer_1.prefab using Guid(f3dd979ccc6694b46a30d3624244917e) Importer(815301076,1909f56bfc062723c751e8b465ee728b)  -> (artifact id: '7d4eb482c5208caeed5154a7ee31b4ed') in 0.009105 seconds
  Import took 0.011226 seconds .

========================================================================
Received Import Request.
  Time since last request: 0.798730 seconds.
  path: Assets/deer_1.prefab
  artifactKey: Guid(f3dd979ccc6694b46a30d3624244917e) Importer(815301076,1909f56bfc062723c751e8b465ee728b)
Start importing Assets/deer_1.prefab using Guid(f3dd979ccc6694b46a30d3624244917e) Importer(815301076,1909f56bfc062723c751e8b465ee728b)  -> (artifact id: 'e4ff952ca7658c9be9da2ebdd04dfb0f') in 0.008882 seconds
  Import took 0.010800 seconds .

========================================================================
Received Import Request.
  Time since last request: 9.102515 seconds.
  path: Assets/deer_1.prefab
  artifactKey: Guid(f3dd979ccc6694b46a30d3624244917e) Importer(815301076,1909f56bfc062723c751e8b465ee728b)
Start importing Assets/deer_1.prefab using Guid(f3dd979ccc6694b46a30d3624244917e) Importer(815301076,1909f56bfc062723c751e8b465ee728b)  -> (artifact id: 'f34fb6a7be5cd63fa837351e8386e6ec') in 0.008734 seconds
  Import took 0.011108 seconds .

========================================================================
Received Prepare
Registering precompiled user dll's ...
Registered in 0.000444 seconds.
Begin MonoManager ReloadAssembly
Native extension for WindowsStandalone target not found
Refreshing native plugins compatible for Editor in 0.21 ms, found 0 plugins.
Preloading 0 native plugins for Editor in 0.00 ms.
Invoked RoslynAnalysisRunner static constructor.
RoslynAnalysisRunner will not be running.
RoslynAnalysisRunner has terminated.
Mono: successfully reloaded assembly
- Completed reload, in  0.617 seconds
Platform modules already initialized, skipping
Refreshing native plugins compatible for Editor in 0.33 ms, found 0 plugins.
Preloading 0 native plugins for Editor in 0.00 ms.
Unloading 1120 Unused Serialized files (Serialized files now loaded: 0)
System memory in use before: 88.2 MB.
System memory in use after: 88.3 MB.

Unloading 5 unused Assets to reduce memory usage. Loaded Objects now: 1650.
Total: 2.158500 ms (FindLiveObjects: 0.154300 ms CreateObjectMapping: 0.038300 ms MarkObjects: 1.861700 ms  DeleteObjects: 0.103300 ms)

========================================================================
Received Prepare
Registering precompiled user dll's ...
Registered in 0.000449 seconds.
Begin MonoManager ReloadAssembly
Native extension for WindowsStandalone target not found
Refreshing native plugins compatible for Editor in 0.23 ms, found 0 plugins.
Preloading 0 native plugins for Editor in 0.00 ms.
Invoked RoslynAnalysisRunner static constructor.
RoslynAnalysisRunner will not be running.
RoslynAnalysisRunner has terminated.
Mono: successfully reloaded assembly
- Completed reload, in  0.612 seconds
Platform modules already initialized, skipping
Refreshing native plugins compatible for Editor in 0.22 ms, found 0 plugins.
Preloading 0 native plugins for Editor in 0.00 ms.
Unloading 1120 Unused Serialized files (Serialized files now loaded: 0)
System memory in use before: 88.2 MB.
System memory in use after: 88.3 MB.

Unloading 5 unused Assets to reduce memory usage. Loaded Objects now: 1653.
Total: 2.293400 ms (FindLiveObjects: 0.226200 ms CreateObjectMapping: 0.061200 ms MarkObjects: 1.896700 ms  DeleteObjects: 0.107400 ms)

========================================================================
Received Import Request.
  Time since last request: 171.766871 seconds.
  path: Assets/deer_1.prefab
  artifactKey: Guid(f3dd979ccc6694b46a30d3624244917e) Importer(815301076,1909f56bfc062723c751e8b465ee728b)
Start importing Assets/deer_1.prefab using Guid(f3dd979ccc6694b46a30d3624244917e) Importer(815301076,1909f56bfc062723c751e8b465ee728b)  -> (artifact id: '73895d21cac33d5f134fadf263a67ed3') in 0.053354 seconds
  Import took 0.055405 seconds .

========================================================================
Received Import Request.
  Time since last request: 6.340281 seconds.
  path: Assets/deer_1.prefab
  artifactKey: Guid(f3dd979ccc6694b46a30d3624244917e) Importer(815301076,1909f56bfc062723c751e8b465ee728b)
Start importing Assets/deer_1.prefab using Guid(f3dd979ccc6694b46a30d3624244917e) Importer(815301076,1909f56bfc062723c751e8b465ee728b)  -> (artifact id: 'f3fa573ff310022b53bbc7df7c5a8475') in 0.009794 seconds
  Import took 0.011679 seconds .

========================================================================
Received Import Request.
  Time since last request: 10.266090 seconds.
  path: Assets/deer_1.prefab
  artifactKey: Guid(f3dd979ccc6694b46a30d3624244917e) Importer(815301076,1909f56bfc062723c751e8b465ee728b)
Start importing Assets/deer_1.prefab using Guid(f3dd979ccc6694b46a30d3624244917e) Importer(815301076,1909f56bfc062723c751e8b465ee728b)  -> (artifact id: 'b9b96016865439d068e3dc9f7a1dd36c') in 0.006791 seconds
  Import took 0.008731 seconds .

========================================================================
Received Prepare
Registering precompiled user dll's ...
Registered in 0.000459 seconds.
Begin MonoManager ReloadAssembly
Native extension for WindowsStandalone target not found
Refreshing native plugins compatible for Editor in 0.22 ms, found 0 plugins.
Preloading 0 native plugins for Editor in 0.00 ms.
Invoked RoslynAnalysisRunner static constructor.
RoslynAnalysisRunner will not be running.
RoslynAnalysisRunner has terminated.
Mono: successfully reloaded assembly
- Completed reload, in  0.618 seconds
Platform modules already initialized, skipping
Refreshing native plugins compatible for Editor in 0.22 ms, found 0 plugins.
Preloading 0 native plugins for Editor in 0.00 ms.
Unloading 1120 Unused Serialized files (Serialized files now loaded: 0)
System memory in use before: 88.2 MB.
System memory in use after: 88.3 MB.

Unloading 5 unused Assets to reduce memory usage. Loaded Objects now: 1657.
Total: 2.069500 ms (FindLiveObjects: 0.137600 ms CreateObjectMapping: 0.034000 ms MarkObjects: 1.796300 ms  DeleteObjects: 0.100400 ms)

========================================================================
Received Import Request.
  Time since last request: 62.947791 seconds.
  path: Assets/deer_1.prefab
  artifactKey: Guid(f3dd979ccc6694b46a30d3624244917e) Importer(815301076,1909f56bfc062723c751e8b465ee728b)
Start importing Assets/deer_1.prefab using Guid(f3dd979ccc6694b46a30d3624244917e) Importer(815301076,1909f56bfc062723c751e8b465ee728b)  -> (artifact id: '24df0f00c014a921d05b01388adf9505') in 0.077719 seconds
  Import took 0.079988 seconds .

========================================================================
Received Import Request.
  Time since last request: 11.262104 seconds.
  path: Assets/deer_1.prefab
  artifactKey: Guid(f3dd979ccc6694b46a30d3624244917e) Importer(815301076,1909f56bfc062723c751e8b465ee728b)
Start importing Assets/deer_1.prefab using Guid(f3dd979ccc6694b46a30d3624244917e) Importer(815301076,1909f56bfc062723c751e8b465ee728b)  -> (artifact id: '7aec80f297ecf688a26aceea172cbaa2') in 0.011480 seconds
  Import took 0.013920 seconds .

========================================================================
Received Import Request.
  Time since last request: 20.896476 seconds.
  path: Assets/deer_1.prefab
  artifactKey: Guid(f3dd979ccc6694b46a30d3624244917e) Importer(815301076,1909f56bfc062723c751e8b465ee728b)
Start importing Assets/deer_1.prefab using Guid(f3dd979ccc6694b46a30d3624244917e) Importer(815301076,1909f56bfc062723c751e8b465ee728b)  -> (artifact id: 'e8e01b1f79fe0354f89d4b7b783716de') in 0.009678 seconds
  Import took 0.011573 seconds .

========================================================================
Received Import Request.
  Time since last request: 4.834450 seconds.
  path: Assets/deer_1.prefab
  artifactKey: Guid(f3dd979ccc6694b46a30d3624244917e) Importer(815301076,1909f56bfc062723c751e8b465ee728b)
Start importing Assets/deer_1.prefab using Guid(f3dd979ccc6694b46a30d3624244917e) Importer(815301076,1909f56bfc062723c751e8b465ee728b)  -> (artifact id: '050ee05e305ba0839f0f0ddfea2ce0bf') in 0.011304 seconds
  Import took 0.013196 seconds .

========================================================================
Received Prepare
Registering precompiled user dll's ...
Registered in 0.000445 seconds.
Begin MonoManager ReloadAssembly
Native extension for WindowsStandalone target not found
Refreshing native plugins compatible for Editor in 0.24 ms, found 0 plugins.
Preloading 0 native plugins for Editor in 0.00 ms.
Invoked RoslynAnalysisRunner static constructor.
RoslynAnalysisRunner will not be running.
RoslynAnalysisRunner has terminated.
Mono: successfully reloaded assembly
- Completed reload, in  0.632 seconds
Platform modules already initialized, skipping
Refreshing native plugins compatible for Editor in 0.30 ms, found 0 plugins.
Preloading 0 native plugins for Editor in 0.00 ms.
Unloading 1120 Unused Serialized files (Serialized files now loaded: 0)
System memory in use before: 88.2 MB.
System memory in use after: 88.3 MB.

Unloading 5 unused Assets to reduce memory usage. Loaded Objects now: 1661.
Total: 1.724600 ms (FindLiveObjects: 0.212400 ms CreateObjectMapping: 0.064600 ms MarkObjects: 1.360800 ms  DeleteObjects: 0.085800 ms)

========================================================================
Received Import Request.
  Time since last request: 34.335689 seconds.
  path: Assets/deer_1.prefab
  artifactKey: Guid(f3dd979ccc6694b46a30d3624244917e) Importer(815301076,1909f56bfc062723c751e8b465ee728b)
Start importing Assets/deer_1.prefab using Guid(f3dd979ccc6694b46a30d3624244917e) Importer(815301076,1909f56bfc062723c751e8b465ee728b)  -> (artifact id: 'f17c1469fe9886799f07f62e903fab23') in 0.085665 seconds
  Import took 0.088647 seconds .

========================================================================
Received Import Request.
  Time since last request: 0.815297 seconds.
  path: Assets/deer_1.prefab
  artifactKey: Guid(f3dd979ccc6694b46a30d3624244917e) Importer(815301076,1909f56bfc062723c751e8b465ee728b)
Start importing Assets/deer_1.prefab using Guid(f3dd979ccc6694b46a30d3624244917e) Importer(815301076,1909f56bfc062723c751e8b465ee728b)  -> (artifact id: '8490c43aef185af680b5fb94831f5a61') in 0.009305 seconds
  Import took 0.011319 seconds .

========================================================================
Received Prepare
Registering precompiled user dll's ...
Registered in 0.000442 seconds.
Begin MonoManager ReloadAssembly
Native extension for WindowsStandalone target not found
Refreshing native plugins compatible for Editor in 0.22 ms, found 0 plugins.
Preloading 0 native plugins for Editor in 0.00 ms.
Invoked RoslynAnalysisRunner static constructor.
RoslynAnalysisRunner will not be running.
RoslynAnalysisRunner has terminated.
Mono: successfully reloaded assembly
- Completed reload, in  0.634 seconds
Platform modules already initialized, skipping
Refreshing native plugins compatible for Editor in 0.22 ms, found 0 plugins.
Preloading 0 native plugins for Editor in 0.00 ms.
Unloading 1120 Unused Serialized files (Serialized files now loaded: 0)
System memory in use before: 88.2 MB.
System memory in use after: 88.3 MB.

Unloading 5 unused Assets to reduce memory usage. Loaded Objects now: 1665.
Total: 2.217900 ms (FindLiveObjects: 0.159600 ms CreateObjectMapping: 0.037400 ms MarkObjects: 1.910700 ms  DeleteObjects: 0.108900 ms)

========================================================================
Received Import Request.
  Time since last request: 18.782327 seconds.
  path: Assets/deer_1.prefab
  artifactKey: Guid(f3dd979ccc6694b46a30d3624244917e) Importer(815301076,1909f56bfc062723c751e8b465ee728b)
Start importing Assets/deer_1.prefab using Guid(f3dd979ccc6694b46a30d3624244917e) Importer(815301076,1909f56bfc062723c751e8b465ee728b)  -> (artifact id: '51958704d7aa4bfdcad42b1fd56c490e') in 0.077810 seconds
  Import took 0.079966 seconds .

========================================================================
Received Import Request.
  Time since last request: 202.426579 seconds.
  path: Assets/bullet2.prefab
  artifactKey: Guid(a427907588d478b4397c612bc8f45cac) Importer(815301076,1909f56bfc062723c751e8b465ee728b)
Start importing Assets/bullet2.prefab using Guid(a427907588d478b4397c612bc8f45cac) Importer(815301076,1909f56bfc062723c751e8b465ee728b)  -> (artifact id: '290eb5d90622a53bbe1ef8d8bd8bbb7d') in 0.009325 seconds
  Import took 0.011788 seconds .

========================================================================
Received Import Request.
  Time since last request: 2.435739 seconds.
  path: Assets/bullet2.prefab
  artifactKey: Guid(a427907588d478b4397c612bc8f45cac) Importer(815301076,1909f56bfc062723c751e8b465ee728b)
Start importing Assets/bullet2.prefab using Guid(a427907588d478b4397c612bc8f45cac) Importer(815301076,1909f56bfc062723c751e8b465ee728b)  -> (artifact id: '96ec3461c23802d75617a63cd0b7ccf8') in 0.008552 seconds
  Import took 0.010462 seconds .

========================================================================
Received Import Request.
  Time since last request: 1.976407 seconds.
  path: Assets/bullet2.prefab
  artifactKey: Guid(a427907588d478b4397c612bc8f45cac) Importer(815301076,1909f56bfc062723c751e8b465ee728b)
Start importing Assets/bullet2.prefab using Guid(a427907588d478b4397c612bc8f45cac) Importer(815301076,1909f56bfc062723c751e8b465ee728b)  -> (artifact id: '7597f2576208d5a466c1cc5be64440a8') in 0.006168 seconds
  Import took 0.008126 seconds .

========================================================================
Received Import Request.
  Time since last request: 3.026587 seconds.
  path: Assets/bullet2.prefab
  artifactKey: Guid(a427907588d478b4397c612bc8f45cac) Importer(815301076,1909f56bfc062723c751e8b465ee728b)
Start importing Assets/bullet2.prefab using Guid(a427907588d478b4397c612bc8f45cac) Importer(815301076,1909f56bfc062723c751e8b465ee728b)  -> (artifact id: 'e62e0a454f8af2b088642c19f7cd3f94') in 0.008196 seconds
  Import took 0.010071 seconds .

========================================================================
Received Prepare
Registering precompiled user dll's ...
Registered in 0.000423 seconds.
Begin MonoManager ReloadAssembly
Native extension for WindowsStandalone target not found
Refreshing native plugins compatible for Editor in 0.23 ms, found 0 plugins.
Preloading 0 native plugins for Editor in 0.00 ms.
Invoked RoslynAnalysisRunner static constructor.
RoslynAnalysisRunner will not be running.
RoslynAnalysisRunner has terminated.
Mono: successfully reloaded assembly
- Completed reload, in  0.879 seconds
Platform modules already initialized, skipping
Refreshing native plugins compatible for Editor in 0.36 ms, found 0 plugins.
Preloading 0 native plugins for Editor in 0.00 ms.
Unloading 1120 Unused Serialized files (Serialized files now loaded: 0)
System memory in use before: 88.3 MB.
System memory in use after: 88.4 MB.

Unloading 5 unused Assets to reduce memory usage. Loaded Objects now: 1669.
Total: 3.742600 ms (FindLiveObjects: 0.252500 ms CreateObjectMapping: 0.153800 ms MarkObjects: 3.209300 ms  DeleteObjects: 0.124600 ms)

========================================================================
Received Prepare
Registering precompiled user dll's ...
Registered in 0.000452 seconds.
Begin MonoManager ReloadAssembly
Native extension for WindowsStandalone target not found
Refreshing native plugins compatible for Editor in 0.22 ms, found 0 plugins.
Preloading 0 native plugins for Editor in 0.00 ms.
Invoked RoslynAnalysisRunner static constructor.
RoslynAnalysisRunner will not be running.
RoslynAnalysisRunner has terminated.
Mono: successfully reloaded assembly
- Completed reload, in  0.715 seconds
Platform modules already initialized, skipping
Refreshing native plugins compatible for Editor in 0.41 ms, found 0 plugins.
Preloading 0 native plugins for Editor in 0.00 ms.
Unloading 1120 Unused Serialized files (Serialized files now loaded: 0)
System memory in use before: 88.4 MB.
System memory in use after: 88.4 MB.

Unloading 5 unused Assets to reduce memory usage. Loaded Objects now: 1672.
Total: 2.380000 ms (FindLiveObjects: 0.215700 ms CreateObjectMapping: 0.060500 ms MarkObjects: 1.984400 ms  DeleteObjects: 0.117900 ms)

========================================================================
Received Import Request.
  Time since last request: 70.938800 seconds.
  path: Assets/Terrain
  artifactKey: Guid(f334d4ce0eb7275488792e2fb661a8f3) Importer(815301076,1909f56bfc062723c751e8b465ee728b)
Start importing Assets/Terrain using Guid(f334d4ce0eb7275488792e2fb661a8f3) Importer(815301076,1909f56bfc062723c751e8b465ee728b)  -> (artifact id: 'd886ec096b14464f75a78d51eda4687d') in 0.002831 seconds
  Import took 0.004954 seconds .

========================================================================
Received Import Request.
  Time since last request: 26.407573 seconds.
  path: Assets/Material
  artifactKey: Guid(107fac5f888cc634cab65c56a8c00bf7) Importer(815301076,1909f56bfc062723c751e8b465ee728b)
Start importing Assets/Material using Guid(107fac5f888cc634cab65c56a8c00bf7) Importer(815301076,1909f56bfc062723c751e8b465ee728b)  -> (artifact id: '64684974379039267af879ed59e9fc8f') in 0.001196 seconds
  Import took 0.003192 seconds .

========================================================================
Received Import Request.
  Time since last request: 0.000704 seconds.
  path: Assets/Material
  artifactKey: Guid(107fac5f888cc634cab65c56a8c00bf7) Importer(815301076,1909f56bfc062723c751e8b465ee728b)
Start importing Assets/Material using Guid(107fac5f888cc634cab65c56a8c00bf7) Importer(815301076,1909f56bfc062723c751e8b465ee728b)  -> (artifact id: '64684974379039267af879ed59e9fc8f') in 0.001301 seconds
  Import took 0.002988 seconds .

========================================================================
Received Import Request.
  Time since last request: 8.995461 seconds.
  path: Assets/Prefabs
  artifactKey: Guid(9659a808a34a14c4587c91d2c88e860b) Importer(815301076,1909f56bfc062723c751e8b465ee728b)
Start importing Assets/Prefabs using Guid(9659a808a34a14c4587c91d2c88e860b) Importer(815301076,1909f56bfc062723c751e8b465ee728b)  -> (artifact id: '4ab421b2a1f4a36d8ea0129fc085f7bc') in 0.001258 seconds
  Import took 0.003113 seconds .

========================================================================
Received Import Request.
  Time since last request: 0.000603 seconds.
  path: Assets/Prefabs
  artifactKey: Guid(9659a808a34a14c4587c91d2c88e860b) Importer(815301076,1909f56bfc062723c751e8b465ee728b)
Start importing Assets/Prefabs using Guid(9659a808a34a14c4587c91d2c88e860b) Importer(815301076,1909f56bfc062723c751e8b465ee728b)  -> (artifact id: '4ab421b2a1f4a36d8ea0129fc085f7bc') in 0.001286 seconds
  Import took 0.003006 seconds .

========================================================================
Received Import Request.
  Time since last request: 16.037568 seconds.
  path: Assets/UI
  artifactKey: Guid(4f8c8290430e4824ca3c8eadf5cc5981) Importer(815301076,1909f56bfc062723c751e8b465ee728b)
Start importing Assets/UI using Guid(4f8c8290430e4824ca3c8eadf5cc5981) Importer(815301076,1909f56bfc062723c751e8b465ee728b)  -> (artifact id: 'a690ea3fe6cb198e58c13bd39c6cda25') in 0.001582 seconds
  Import took 0.003358 seconds .

========================================================================
Received Import Request.
  Time since last request: 0.000311 seconds.
  path: Assets/UI
  artifactKey: Guid(4f8c8290430e4824ca3c8eadf5cc5981) Importer(815301076,1909f56bfc062723c751e8b465ee728b)
Start importing Assets/UI using Guid(4f8c8290430e4824ca3c8eadf5cc5981) Importer(815301076,1909f56bfc062723c751e8b465ee728b)  -> (artifact id: 'a690ea3fe6cb198e58c13bd39c6cda25') in 0.001740 seconds
  Import took 0.003533 seconds .

========================================================================
Received Prepare
Registering precompiled user dll's ...
Registered in 0.000444 seconds.
Begin MonoManager ReloadAssembly
Native extension for WindowsStandalone target not found
Refreshing native plugins compatible for Editor in 0.21 ms, found 0 plugins.
Preloading 0 native plugins for Editor in 0.00 ms.
Invoked RoslynAnalysisRunner static constructor.
RoslynAnalysisRunner will not be running.
RoslynAnalysisRunner has terminated.
Mono: successfully reloaded assembly
- Completed reload, in  0.623 seconds
Platform modules already initialized, skipping
Refreshing native plugins compatible for Editor in 0.36 ms, found 0 plugins.
Preloading 0 native plugins for Editor in 0.00 ms.
Unloading 1120 Unused Serialized files (Serialized files now loaded: 0)
System memory in use before: 88.4 MB.
System memory in use after: 88.4 MB.

Unloading 5 unused Assets to reduce memory usage. Loaded Objects now: 1675.
Total: 2.310500 ms (FindLiveObjects: 0.233900 ms CreateObjectMapping: 0.039800 ms MarkObjects: 1.930800 ms  DeleteObjects: 0.104700 ms)

========================================================================
Received Import Request.
  Time since last request: 137.082927 seconds.
  path: Assets/Prefabs/deer_1.prefab
  artifactKey: Guid(f3dd979ccc6694b46a30d3624244917e) Importer(815301076,1909f56bfc062723c751e8b465ee728b)
Start importing Assets/Prefabs/deer_1.prefab using Guid(f3dd979ccc6694b46a30d3624244917e) Importer(815301076,1909f56bfc062723c751e8b465ee728b)  -> (artifact id: 'e1fee503c4b8155849ff7d14109bbbab') in 0.075237 seconds
  Import took 0.078133 seconds .

========================================================================
Received Import Request.
  Time since last request: 1.852331 seconds.
  path: Assets/Prefabs/deer_1.prefab
  artifactKey: Guid(f3dd979ccc6694b46a30d3624244917e) Importer(815301076,1909f56bfc062723c751e8b465ee728b)
Start importing Assets/Prefabs/deer_1.prefab using Guid(f3dd979ccc6694b46a30d3624244917e) Importer(815301076,1909f56bfc062723c751e8b465ee728b)  -> (artifact id: '5ef93044b13ce605bf2566cdaacb14ac') in 0.007871 seconds
  Import took 0.009758 seconds .

========================================================================
Received Import Request.
  Time since last request: 3.788562 seconds.
  path: Assets/Prefabs/deer_1.prefab
  artifactKey: Guid(f3dd979ccc6694b46a30d3624244917e) Importer(815301076,1909f56bfc062723c751e8b465ee728b)
Start importing Assets/Prefabs/deer_1.prefab using Guid(f3dd979ccc6694b46a30d3624244917e) Importer(815301076,1909f56bfc062723c751e8b465ee728b)  -> (artifact id: 'ea0f6280db46d3923ecf855288d1f7a5') in 0.007874 seconds
  Import took 0.009918 seconds .

========================================================================
Received Import Request.
  Time since last request: 2.618746 seconds.
  path: Assets/Prefabs/deer_1.prefab
  artifactKey: Guid(f3dd979ccc6694b46a30d3624244917e) Importer(815301076,1909f56bfc062723c751e8b465ee728b)
Start importing Assets/Prefabs/deer_1.prefab using Guid(f3dd979ccc6694b46a30d3624244917e) Importer(815301076,1909f56bfc062723c751e8b465ee728b)  -> (artifact id: 'e0e29489a31ab199c3e68b631ee92d01') in 0.009318 seconds
  Import took 0.011477 seconds .

========================================================================
Received Prepare
Registering precompiled user dll's ...
Registered in 0.000475 seconds.
Begin MonoManager ReloadAssembly
Native extension for WindowsStandalone target not found
Refreshing native plugins compatible for Editor in 0.22 ms, found 0 plugins.
Preloading 0 native plugins for Editor in 0.00 ms.
Invoked RoslynAnalysisRunner static constructor.
RoslynAnalysisRunner will not be running.
RoslynAnalysisRunner has terminated.
Mono: successfully reloaded assembly
- Completed reload, in  0.621 seconds
Platform modules already initialized, skipping
Refreshing native plugins compatible for Editor in 0.36 ms, found 0 plugins.
Preloading 0 native plugins for Editor in 0.00 ms.
Unloading 1120 Unused Serialized files (Serialized files now loaded: 0)
System memory in use before: 88.4 MB.
System memory in use after: 88.4 MB.

Unloading 5 unused Assets to reduce memory usage. Loaded Objects now: 1679.
Total: 1.683500 ms (FindLiveObjects: 0.132400 ms CreateObjectMapping: 0.035300 ms MarkObjects: 1.437700 ms  DeleteObjects: 0.077000 ms)

========================================================================
Received Import Request.
  Time since last request: 261.058440 seconds.
  path: Assets/Prefabs/bullet2.prefab
  artifactKey: Guid(a427907588d478b4397c612bc8f45cac) Importer(815301076,1909f56bfc062723c751e8b465ee728b)
Start importing Assets/Prefabs/bullet2.prefab using Guid(a427907588d478b4397c612bc8f45cac) Importer(815301076,1909f56bfc062723c751e8b465ee728b)  -> (artifact id: 'c1eb737191bb32d246cd8fef1190452c') in 0.051263 seconds
  Import took 0.053555 seconds .

========================================================================
Received Import Request.
  Time since last request: 23.940463 seconds.
  path: Assets/Prefabs/bullet2.prefab
  artifactKey: Guid(a427907588d478b4397c612bc8f45cac) Importer(815301076,1909f56bfc062723c751e8b465ee728b)
Start importing Assets/Prefabs/bullet2.prefab using Guid(a427907588d478b4397c612bc8f45cac) Importer(815301076,1909f56bfc062723c751e8b465ee728b)  -> (artifact id: 'adc6f48393edc02e4ca774a5d1e00890') in 0.007367 seconds
  Import took 0.009281 seconds .

========================================================================
Received Prepare
Registering precompiled user dll's ...
Registered in 0.000444 seconds.
Begin MonoManager ReloadAssembly
Native extension for WindowsStandalone target not found
Refreshing native plugins compatible for Editor in 0.32 ms, found 0 plugins.
Preloading 0 native plugins for Editor in 0.00 ms.
Invoked RoslynAnalysisRunner static constructor.
RoslynAnalysisRunner will not be running.
RoslynAnalysisRunner has terminated.
Mono: successfully reloaded assembly
- Completed reload, in  0.692 seconds
Platform modules already initialized, skipping
Refreshing native plugins compatible for Editor in 0.37 ms, found 0 plugins.
Preloading 0 native plugins for Editor in 0.00 ms.
Unloading 1120 Unused Serialized files (Serialized files now loaded: 0)
System memory in use before: 88.4 MB.
System memory in use after: 88.5 MB.

Unloading 5 unused Assets to reduce memory usage. Loaded Objects now: 1683.
Total: 2.738500 ms (FindLiveObjects: 0.334900 ms CreateObjectMapping: 0.086700 ms MarkObjects: 2.192000 ms  DeleteObjects: 0.122700 ms)

========================================================================
Received Import Request.
  Time since last request: 46.206427 seconds.
  path: Assets/Prefabs/deer_1.prefab
  artifactKey: Guid(f3dd979ccc6694b46a30d3624244917e) Importer(815301076,1909f56bfc062723c751e8b465ee728b)
Start importing Assets/Prefabs/deer_1.prefab using Guid(f3dd979ccc6694b46a30d3624244917e) Importer(815301076,1909f56bfc062723c751e8b465ee728b)  -> (artifact id: '9c6e1df299ada68fb50251b6bdf04590') in 0.051135 seconds
  Import took 0.053528 seconds .

========================================================================
Received Prepare
Refreshing native plugins compatible for Editor in 0.87 ms, found 0 plugins.
Preloading 0 native plugins for Editor in 0.00 ms.
Unloading 3 Unused Serialized files (Serialized files now loaded: 0)
System memory in use before: 66.3 MB.
System memory in use after: 66.4 MB.

Unloading 3 unused Assets to reduce memory usage. Loaded Objects now: 1684.
Total: 2.732600 ms (FindLiveObjects: 0.200600 ms CreateObjectMapping: 0.056400 ms MarkObjects: 2.369200 ms  DeleteObjects: 0.105400 ms)

========================================================================
Received Prepare
Refreshing native plugins compatible for Editor in 0.86 ms, found 0 plugins.
Preloading 0 native plugins for Editor in 0.00 ms.
Unloading 3 Unused Serialized files (Serialized files now loaded: 0)
System memory in use before: 66.8 MB.
System memory in use after: 66.9 MB.

Unloading 3 unused Assets to reduce memory usage. Loaded Objects now: 1684.
Total: 2.503000 ms (FindLiveObjects: 0.252700 ms CreateObjectMapping: 0.070900 ms MarkObjects: 2.083500 ms  DeleteObjects: 0.094500 ms)

========================================================================
Received Prepare
Registering precompiled user dll's ...
Registered in 0.000458 seconds.
Begin MonoManager ReloadAssembly
Native extension for WindowsStandalone target not found
Refreshing native plugins compatible for Editor in 0.22 ms, found 0 plugins.
Preloading 0 native plugins for Editor in 0.00 ms.
Invoked RoslynAnalysisRunner static constructor.
RoslynAnalysisRunner will not be running.
RoslynAnalysisRunner has terminated.
Mono: successfully reloaded assembly
- Completed reload, in  0.627 seconds
Platform modules already initialized, skipping
Refreshing native plugins compatible for Editor in 0.22 ms, found 0 plugins.
Preloading 0 native plugins for Editor in 0.00 ms.
Unloading 1120 Unused Serialized files (Serialized files now loaded: 0)
System memory in use before: 88.9 MB.
System memory in use after: 89.0 MB.

Unloading 5 unused Assets to reduce memory usage. Loaded Objects now: 1687.
Total: 2.311300 ms (FindLiveObjects: 0.144900 ms CreateObjectMapping: 0.035700 ms MarkObjects: 2.015600 ms  DeleteObjects: 0.114000 ms)

========================================================================
Received Import Request.
  Time since last request: 721.947772 seconds.
  path: Assets/Prefabs/deer_1.prefab
  artifactKey: Guid(f3dd979ccc6694b46a30d3624244917e) Importer(815301076,1909f56bfc062723c751e8b465ee728b)
Start importing Assets/Prefabs/deer_1.prefab using Guid(f3dd979ccc6694b46a30d3624244917e) Importer(815301076,1909f56bfc062723c751e8b465ee728b)  -> (artifact id: 'bc662e321c81fe3295b240496d6379ea') in 0.075759 seconds
  Import took 0.078565 seconds .

========================================================================
Received Import Request.
  Time since last request: 0.303561 seconds.
  path: Assets/Prefabs/deer_1.prefab
  artifactKey: Guid(f3dd979ccc6694b46a30d3624244917e) Importer(815301076,1909f56bfc062723c751e8b465ee728b)
Start importing Assets/Prefabs/deer_1.prefab using Guid(f3dd979ccc6694b46a30d3624244917e) Importer(815301076,1909f56bfc062723c751e8b465ee728b)  -> (artifact id: '1cfa5e17f1a7143ef4604eb4253d3c53') in 0.012150 seconds
  Import took 0.015183 seconds .

========================================================================
Received Import Request.
  Time since last request: 1.998758 seconds.
  path: Assets/Prefabs/deer_1.prefab
  artifactKey: Guid(f3dd979ccc6694b46a30d3624244917e) Importer(815301076,1909f56bfc062723c751e8b465ee728b)
Start importing Assets/Prefabs/deer_1.prefab using Guid(f3dd979ccc6694b46a30d3624244917e) Importer(815301076,1909f56bfc062723c751e8b465ee728b)  -> (artifact id: '95285dc454da038a34c3dd485a3f2ff1') in 0.009614 seconds
  Import took 0.011607 seconds .

========================================================================
Received Import Request.
  Time since last request: 4.033338 seconds.
  path: Assets/Prefabs/deer_1.prefab
  artifactKey: Guid(f3dd979ccc6694b46a30d3624244917e) Importer(815301076,1909f56bfc062723c751e8b465ee728b)
Start importing Assets/Prefabs/deer_1.prefab using Guid(f3dd979ccc6694b46a30d3624244917e) Importer(815301076,1909f56bfc062723c751e8b465ee728b)  -> (artifact id: '4d8baf1301e8582b28b0a89be49773ed') in 0.008530 seconds
  Import took 0.010447 seconds .

========================================================================
Received Import Request.
  Time since last request: 1.279637 seconds.
  path: Assets/Prefabs/deer_1.prefab
  artifactKey: Guid(f3dd979ccc6694b46a30d3624244917e) Importer(815301076,1909f56bfc062723c751e8b465ee728b)
Start importing Assets/Prefabs/deer_1.prefab using Guid(f3dd979ccc6694b46a30d3624244917e) Importer(815301076,1909f56bfc062723c751e8b465ee728b)  -> (artifact id: '0fea655e35153edb394fe6e7f8c5b496') in 0.008871 seconds
  Import took 0.010816 seconds .

========================================================================
Received Import Request.
  Time since last request: 3.080387 seconds.
  path: Assets/Prefabs/deer_1.prefab
  artifactKey: Guid(f3dd979ccc6694b46a30d3624244917e) Importer(815301076,1909f56bfc062723c751e8b465ee728b)
Start importing Assets/Prefabs/deer_1.prefab using Guid(f3dd979ccc6694b46a30d3624244917e) Importer(815301076,1909f56bfc062723c751e8b465ee728b)  -> (artifact id: '6ed07216a3c225df586872df8ed1ec5c') in 0.008472 seconds
  Import took 0.010431 seconds .

========================================================================
Received Prepare
Registering precompiled user dll's ...
Registered in 0.000411 seconds.
Begin MonoManager ReloadAssembly
Native extension for WindowsStandalone target not found
Refreshing native plugins compatible for Editor in 0.22 ms, found 0 plugins.
Preloading 0 native plugins for Editor in 0.00 ms.
Invoked RoslynAnalysisRunner static constructor.
RoslynAnalysisRunner will not be running.
RoslynAnalysisRunner has terminated.
Mono: successfully reloaded assembly
- Completed reload, in  0.632 seconds
Platform modules already initialized, skipping
Refreshing native plugins compatible for Editor in 0.35 ms, found 0 plugins.
Preloading 0 native plugins for Editor in 0.00 ms.
Unloading 1120 Unused Serialized files (Serialized files now loaded: 0)
System memory in use before: 88.9 MB.
System memory in use after: 89.0 MB.

Unloading 5 unused Assets to reduce memory usage. Loaded Objects now: 1691.
Total: 2.215000 ms (FindLiveObjects: 0.205100 ms CreateObjectMapping: 0.051500 ms MarkObjects: 1.870000 ms  DeleteObjects: 0.087200 ms)

========================================================================
Received Import Request.
  Time since last request: 28.011158 seconds.
  path: Assets/Prefabs/deer_1.prefab
  artifactKey: Guid(f3dd979ccc6694b46a30d3624244917e) Importer(815301076,1909f56bfc062723c751e8b465ee728b)
Start importing Assets/Prefabs/deer_1.prefab using Guid(f3dd979ccc6694b46a30d3624244917e) Importer(815301076,1909f56bfc062723c751e8b465ee728b)  -> (artifact id: '670c058413ce9098e04ba6af1cfffc6e') in 0.053377 seconds
  Import took 0.055411 seconds .

========================================================================
Received Prepare
Registering precompiled user dll's ...
Registered in 0.000469 seconds.
Begin MonoManager ReloadAssembly
Native extension for WindowsStandalone target not found
Refreshing native plugins compatible for Editor in 0.21 ms, found 0 plugins.
Preloading 0 native plugins for Editor in 0.00 ms.
Invoked RoslynAnalysisRunner static constructor.
RoslynAnalysisRunner will not be running.
RoslynAnalysisRunner has terminated.
Mono: successfully reloaded assembly
- Completed reload, in  0.631 seconds
Platform modules already initialized, skipping
Refreshing native plugins compatible for Editor in 0.38 ms, found 0 plugins.
Preloading 0 native plugins for Editor in 0.00 ms.
Unloading 1120 Unused Serialized files (Serialized files now loaded: 0)
System memory in use before: 88.9 MB.
System memory in use after: 89.0 MB.

Unloading 5 unused Assets to reduce memory usage. Loaded Objects now: 1695.
Total: 2.194000 ms (FindLiveObjects: 0.148500 ms CreateObjectMapping: 0.036200 ms MarkObjects: 1.890200 ms  DeleteObjects: 0.118000 ms)

========================================================================
Received Import Request.
  Time since last request: 32.740373 seconds.
  path: Assets/Prefabs/deer_1.prefab
  artifactKey: Guid(f3dd979ccc6694b46a30d3624244917e) Importer(815301076,1909f56bfc062723c751e8b465ee728b)
Start importing Assets/Prefabs/deer_1.prefab using Guid(f3dd979ccc6694b46a30d3624244917e) Importer(815301076,1909f56bfc062723c751e8b465ee728b)  -> (artifact id: 'ea85907c951991a209eb5ff869ec796e') in 0.074256 seconds
  Import took 0.077070 seconds .

========================================================================
Received Prepare
Registering precompiled user dll's ...
Registered in 0.000484 seconds.
Begin MonoManager ReloadAssembly
Native extension for WindowsStandalone target not found
Refreshing native plugins compatible for Editor in 0.25 ms, found 0 plugins.
Preloading 0 native plugins for Editor in 0.00 ms.
Invoked RoslynAnalysisRunner static constructor.
RoslynAnalysisRunner will not be running.
RoslynAnalysisRunner has terminated.
Mono: successfully reloaded assembly
- Completed reload, in  0.619 seconds
Platform modules already initialized, skipping
Refreshing native plugins compatible for Editor in 0.23 ms, found 0 plugins.
Preloading 0 native plugins for Editor in 0.00 ms.
Unloading 1120 Unused Serialized files (Serialized files now loaded: 0)
System memory in use before: 89.0 MB.
System memory in use after: 89.0 MB.

Unloading 5 unused Assets to reduce memory usage. Loaded Objects now: 1699.
Total: 1.895000 ms (FindLiveObjects: 0.192700 ms CreateObjectMapping: 0.051000 ms MarkObjects: 1.571100 ms  DeleteObjects: 0.079100 ms)

========================================================================
Received Prepare
Registering precompiled user dll's ...
Registered in 0.000421 seconds.
Begin MonoManager ReloadAssembly
Native extension for WindowsStandalone target not found
Refreshing native plugins compatible for Editor in 0.22 ms, found 0 plugins.
Preloading 0 native plugins for Editor in 0.00 ms.
Invoked RoslynAnalysisRunner static constructor.
RoslynAnalysisRunner will not be running.
RoslynAnalysisRunner has terminated.
Mono: successfully reloaded assembly
- Completed reload, in  0.639 seconds
Platform modules already initialized, skipping
Refreshing native plugins compatible for Editor in 0.37 ms, found 0 plugins.
Preloading 0 native plugins for Editor in 0.00 ms.
Unloading 1120 Unused Serialized files (Serialized files now loaded: 0)
System memory in use before: 89.0 MB.
System memory in use after: 89.0 MB.

Unloading 5 unused Assets to reduce memory usage. Loaded Objects now: 1702.
Total: 2.579200 ms (FindLiveObjects: 0.312300 ms CreateObjectMapping: 0.132100 ms MarkObjects: 2.026500 ms  DeleteObjects: 0.106100 ms)

========================================================================
Received Import Request.
  Time since last request: 119.591041 seconds.
  path: Assets/Prefabs/deer_1.prefab
  artifactKey: Guid(f3dd979ccc6694b46a30d3624244917e) Importer(815301076,1909f56bfc062723c751e8b465ee728b)
Start importing Assets/Prefabs/deer_1.prefab using Guid(f3dd979ccc6694b46a30d3624244917e) Importer(815301076,1909f56bfc062723c751e8b465ee728b)  -> (artifact id: 'a9ded1482028a73029124574f93aa514') in 0.088547 seconds
  Import took 0.091456 seconds .

========================================================================
Received Import Request.
  Time since last request: 0.004076 seconds.
  path: Assets/Prefabs/deer_1.prefab
  artifactKey: Guid(f3dd979ccc6694b46a30d3624244917e) Importer(815301076,1909f56bfc062723c751e8b465ee728b)
Start importing Assets/Prefabs/deer_1.prefab using Guid(f3dd979ccc6694b46a30d3624244917e) Importer(815301076,1909f56bfc062723c751e8b465ee728b)  -> (artifact id: 'a9ded1482028a73029124574f93aa514') in 0.009954 seconds
  Import took 0.012629 seconds .

========================================================================
Received Import Request.
  Time since last request: 5.328529 seconds.
  path: Assets/Prefabs/deer_1.prefab
  artifactKey: Guid(f3dd979ccc6694b46a30d3624244917e) Importer(815301076,1909f56bfc062723c751e8b465ee728b)
Start importing Assets/Prefabs/deer_1.prefab using Guid(f3dd979ccc6694b46a30d3624244917e) Importer(815301076,1909f56bfc062723c751e8b465ee728b)  -> (artifact id: 'a358f23f59308a2e6ab2e0def43b9e87') in 0.006975 seconds
  Import took 0.008935 seconds .

========================================================================
Received Import Request.
  Time since last request: 0.013032 seconds.
  path: Assets/Prefabs/deer_1.prefab
  artifactKey: Guid(f3dd979ccc6694b46a30d3624244917e) Importer(815301076,1909f56bfc062723c751e8b465ee728b)
Start importing Assets/Prefabs/deer_1.prefab using Guid(f3dd979ccc6694b46a30d3624244917e) Importer(815301076,1909f56bfc062723c751e8b465ee728b)  -> (artifact id: 'a358f23f59308a2e6ab2e0def43b9e87') in 0.007601 seconds
  Import took 0.009712 seconds .

========================================================================
Received Prepare
Registering precompiled user dll's ...
Registered in 0.000499 seconds.
Begin MonoManager ReloadAssembly
Native extension for WindowsStandalone target not found
Refreshing native plugins compatible for Editor in 0.21 ms, found 0 plugins.
Preloading 0 native plugins for Editor in 0.00 ms.
Invoked RoslynAnalysisRunner static constructor.
RoslynAnalysisRunner will not be running.
RoslynAnalysisRunner has terminated.
Mono: successfully reloaded assembly
- Completed reload, in  0.622 seconds
Platform modules already initialized, skipping
Refreshing native plugins compatible for Editor in 0.35 ms, found 0 plugins.
Preloading 0 native plugins for Editor in 0.00 ms.
Unloading 1120 Unused Serialized files (Serialized files now loaded: 0)
System memory in use before: 89.0 MB.
System memory in use after: 89.1 MB.

Unloading 5 unused Assets to reduce memory usage. Loaded Objects now: 1706.
Total: 1.648700 ms (FindLiveObjects: 0.177700 ms CreateObjectMapping: 0.037700 ms MarkObjects: 1.347700 ms  DeleteObjects: 0.084600 ms)

========================================================================
Received Import Request.
  Time since last request: 132.624517 seconds.
  path: Assets/Prefabs/bullet2.prefab
  artifactKey: Guid(a427907588d478b4397c612bc8f45cac) Importer(815301076,1909f56bfc062723c751e8b465ee728b)
Start importing Assets/Prefabs/bullet2.prefab using Guid(a427907588d478b4397c612bc8f45cac) Importer(815301076,1909f56bfc062723c751e8b465ee728b)  -> (artifact id: '1255b93112b14f83025a573ec04ac33b') in 0.068645 seconds
  Import took 0.072893 seconds .

========================================================================
Received Import Request.
  Time since last request: 3.847909 seconds.
  path: Assets/Prefabs/bullet2.prefab
  artifactKey: Guid(a427907588d478b4397c612bc8f45cac) Importer(815301076,1909f56bfc062723c751e8b465ee728b)
Start importing Assets/Prefabs/bullet2.prefab using Guid(a427907588d478b4397c612bc8f45cac) Importer(815301076,1909f56bfc062723c751e8b465ee728b)  -> (artifact id: 'e9d6e3d302f162c820591e049189290e') in 0.006679 seconds
  Import took 0.008567 seconds .

========================================================================
Received Import Request.
  Time since last request: 1.789809 seconds.
  path: Assets/Prefabs/bullet2.prefab
  artifactKey: Guid(a427907588d478b4397c612bc8f45cac) Importer(815301076,1909f56bfc062723c751e8b465ee728b)
Start importing Assets/Prefabs/bullet2.prefab using Guid(a427907588d478b4397c612bc8f45cac) Importer(815301076,1909f56bfc062723c751e8b465ee728b)  -> (artifact id: 'f40f2b752204687db7c62f95fa5b0681') in 0.006580 seconds
  Import took 0.008494 seconds .

========================================================================
Received Import Request.
  Time since last request: 9.899229 seconds.
  path: Assets/Prefabs/bullet2.prefab
  artifactKey: Guid(a427907588d478b4397c612bc8f45cac) Importer(815301076,1909f56bfc062723c751e8b465ee728b)
Start importing Assets/Prefabs/bullet2.prefab using Guid(a427907588d478b4397c612bc8f45cac) Importer(815301076,1909f56bfc062723c751e8b465ee728b)  -> (artifact id: '1ceaf39360dace017c60748847f49309') in 0.010684 seconds
  Import took 0.012648 seconds .

========================================================================
Received Import Request.
  Time since last request: 9.320545 seconds.
  path: Assets/Prefabs/bullet2.prefab
  artifactKey: Guid(a427907588d478b4397c612bc8f45cac) Importer(815301076,1909f56bfc062723c751e8b465ee728b)
Start importing Assets/Prefabs/bullet2.prefab using Guid(a427907588d478b4397c612bc8f45cac) Importer(815301076,1909f56bfc062723c751e8b465ee728b)  -> (artifact id: '35ceca7186a9c175a5b591a2631384f3') in 0.007003 seconds
  Import took 0.009288 seconds .

========================================================================
Received Prepare
Registering precompiled user dll's ...
Registered in 0.000393 seconds.
Begin MonoManager ReloadAssembly
Native extension for WindowsStandalone target not found
Refreshing native plugins compatible for Editor in 0.22 ms, found 0 plugins.
Preloading 0 native plugins for Editor in 0.00 ms.
Invoked RoslynAnalysisRunner static constructor.
RoslynAnalysisRunner will not be running.
RoslynAnalysisRunner has terminated.
Mono: successfully reloaded assembly
- Completed reload, in  0.611 seconds
Platform modules already initialized, skipping
Refreshing native plugins compatible for Editor in 0.22 ms, found 0 plugins.
Preloading 0 native plugins for Editor in 0.00 ms.
Unloading 1120 Unused Serialized files (Serialized files now loaded: 0)
System memory in use before: 89.0 MB.
System memory in use after: 89.1 MB.

Unloading 5 unused Assets to reduce memory usage. Loaded Objects now: 1710.
Total: 2.397600 ms (FindLiveObjects: 0.214600 ms CreateObjectMapping: 0.060100 ms MarkObjects: 2.005100 ms  DeleteObjects: 0.116500 ms)

========================================================================
Received Prepare
Registering precompiled user dll's ...
Registered in 0.000461 seconds.
Begin MonoManager ReloadAssembly
Native extension for WindowsStandalone target not found
Refreshing native plugins compatible for Editor in 0.22 ms, found 0 plugins.
Preloading 0 native plugins for Editor in 0.00 ms.
Invoked RoslynAnalysisRunner static constructor.
RoslynAnalysisRunner will not be running.
RoslynAnalysisRunner has terminated.
Mono: successfully reloaded assembly
- Completed reload, in  0.623 seconds
Platform modules already initialized, skipping
Refreshing native plugins compatible for Editor in 0.34 ms, found 0 plugins.
Preloading 0 native plugins for Editor in 0.00 ms.
Unloading 1120 Unused Serialized files (Serialized files now loaded: 0)
System memory in use before: 89.0 MB.
System memory in use after: 89.1 MB.

Unloading 5 unused Assets to reduce memory usage. Loaded Objects now: 1713.
Total: 2.320700 ms (FindLiveObjects: 0.244500 ms CreateObjectMapping: 0.069700 ms MarkObjects: 1.884200 ms  DeleteObjects: 0.120500 ms)

AssetImportWorkerClient::OnTransportError - code=2 error=End of file
