Using pre-set license
Built from '2020.2/staging' branch; Version is '2020.2.7f1 (c53830e277f1) revision 12924976'; Using compiler version '192528614'; Build Type 'Release'
OS: 'Windows 10 Enterprise LTSC 2019; OS build 17763.3165; Version 1809; 64bit' Language: 'ru' Physical Memory: 16226 MB
BatchMode: 1, IsHumanControllingUs: 0, StartBugReporterOnCrash: 0, Is64bit: 1, IsPro: 0

 COMMAND LINE ARGUMENTS:
D:\Unity\Editor\Unity.exe
-adb2
-batchMode
-noUpm
-name
AssetImportWorker0
-projectPath
C:/Users/Андрей/Main
-logFile
Logs/AssetImportWorker0.log
-srvPort
10732
Successfully changed project path to: C:/Users/Андрей/Main
C:/Users/Андрей/Main
Using Asset Import Pipeline V2.
Refreshing native plugins compatible for Editor in 57.57 ms, found 0 plugins.
Preloading 0 native plugins for Editor in 0.00 ms.
Initialize engine version: 2020.2.7f1 (c53830e277f1)
[Subsystems] Discovering subsystems at path D:/Unity/Editor/Data/Resources/UnitySubsystems
[Subsystems] Discovering subsystems at path C:/Users/Андрей/Main/Assets
GfxDevice: creating device client; threaded=0
Direct3D:
    Version:  Direct3D 11.0 [level 11.1]
    Renderer: NVIDIA GeForce GTX 1650 Ti with Max-Q Design (ID=0x1f95)
    Vendor:   
    VRAM:     3949 MB
    Driver:   31.0.15.2756
Initialize mono
Mono path[0] = 'D:/Unity/Editor/Data/Managed'
Mono path[1] = 'D:/Unity/Editor/Data/MonoBleedingEdge/lib/mono/unityjit'
Mono config path = 'D:/Unity/Editor/Data/MonoBleedingEdge/etc'
Using monoOptions --debugger-agent=transport=dt_socket,embedding=1,server=y,suspend=n,address=127.0.0.1:56124
Begin MonoManager ReloadAssembly
Registering precompiled unity dll's ...
Register platform support module: D:/Unity/Editor/Data/PlaybackEngines/WindowsStandaloneSupport/UnityEditor.WindowsStandalone.Extensions.dll
Registered in 0.001236 seconds.
Native extension for WindowsStandalone target not found
Refreshing native plugins compatible for Editor in 45.96 ms, found 0 plugins.
Preloading 0 native plugins for Editor in 0.00 ms.
Invoked RoslynAnalysisRunner static constructor.
RoslynAnalysisRunner will not be running.
RoslynAnalysisRunner has terminated.
Mono: successfully reloaded assembly
- Completed reload, in  1.623 seconds
Platform modules already initialized, skipping
Registering precompiled user dll's ...
Registered in 0.000711 seconds.
Begin MonoManager ReloadAssembly
Native extension for WindowsStandalone target not found
Refreshing native plugins compatible for Editor in 0.29 ms, found 0 plugins.
Preloading 0 native plugins for Editor in 0.00 ms.
Invoked RoslynAnalysisRunner static constructor.
RoslynAnalysisRunner will not be running.
RoslynAnalysisRunner has terminated.
Mono: successfully reloaded assembly
- Completed reload, in  1.375 seconds
Platform modules already initialized, skipping
========================================================================
Worker process is ready to serve import requests
Launched and connected shader compiler UnityShaderCompiler.exe after 0.25 seconds
Refreshing native plugins compatible for Editor in 0.43 ms, found 0 plugins.
Preloading 0 native plugins for Editor in 0.00 ms.
Unloading 1125 Unused Serialized files (Serialized files now loaded: 0)
System memory in use before: 70.8 MB.
System memory in use after: 70.9 MB.

Unloading 10 unused Assets to reduce memory usage. Loaded Objects now: 1587.
Total: 1.762300 ms (FindLiveObjects: 0.196800 ms CreateObjectMapping: 0.059600 ms MarkObjects: 1.388800 ms  DeleteObjects: 0.115800 ms)

========================================================================
Received Import Request.
  path: Assets/Weapon.cs
  artifactKey: Guid(938e9ec9ec35cd8498444163cddbcf18) Importer(815301076,1909f56bfc062723c751e8b465ee728b)
Start importing Assets/Weapon.cs using Guid(938e9ec9ec35cd8498444163cddbcf18) Importer(815301076,1909f56bfc062723c751e8b465ee728b)  -> (artifact id: '016aaccd6500a3905b877139a7863c6f') in 0.029114 seconds
  Import took 0.065894 seconds .

========================================================================
Received Prepare
Registering precompiled user dll's ...
Registered in 0.000450 seconds.
Begin MonoManager ReloadAssembly
Native extension for WindowsStandalone target not found
Refreshing native plugins compatible for Editor in 0.24 ms, found 0 plugins.
Preloading 0 native plugins for Editor in 0.00 ms.
Invoked RoslynAnalysisRunner static constructor.
RoslynAnalysisRunner will not be running.
RoslynAnalysisRunner has terminated.
Mono: successfully reloaded assembly
- Completed reload, in  0.823 seconds
Platform modules already initialized, skipping
Refreshing native plugins compatible for Editor in 0.41 ms, found 0 plugins.
Preloading 0 native plugins for Editor in 0.00 ms.
Unloading 1120 Unused Serialized files (Serialized files now loaded: 0)
System memory in use before: 70.8 MB.
System memory in use after: 70.8 MB.

Unloading 5 unused Assets to reduce memory usage. Loaded Objects now: 1590.
Total: 2.272900 ms (FindLiveObjects: 0.200600 ms CreateObjectMapping: 0.065500 ms MarkObjects: 1.893800 ms  DeleteObjects: 0.111100 ms)

========================================================================
Received Import Request.
  Time since last request: 1375.690359 seconds.
  path: Assets/deer_1.prefab
  artifactKey: Guid(f3dd979ccc6694b46a30d3624244917e) Importer(815301076,1909f56bfc062723c751e8b465ee728b)
Start importing Assets/deer_1.prefab using Guid(f3dd979ccc6694b46a30d3624244917e) Importer(815301076,1909f56bfc062723c751e8b465ee728b)  -> (artifact id: '41a79feb975345302ad1dbfa382b5173') in 0.093685 seconds
  Import took 0.096925 seconds .

========================================================================
Received Import Request.
  Time since last request: 10.608526 seconds.
  path: Assets/deer_1.prefab
  artifactKey: Guid(f3dd979ccc6694b46a30d3624244917e) Importer(815301076,1909f56bfc062723c751e8b465ee728b)
Start importing Assets/deer_1.prefab using Guid(f3dd979ccc6694b46a30d3624244917e) Importer(815301076,1909f56bfc062723c751e8b465ee728b)  -> (artifact id: '615696c67f0e426cfd584e6b67cb0684') in 0.012580 seconds
  Import took 0.015451 seconds .

========================================================================
Received Import Request.
  Time since last request: 3.395090 seconds.
  path: Assets/deer_1.prefab
  artifactKey: Guid(f3dd979ccc6694b46a30d3624244917e) Importer(815301076,1909f56bfc062723c751e8b465ee728b)
Start importing Assets/deer_1.prefab using Guid(f3dd979ccc6694b46a30d3624244917e) Importer(815301076,1909f56bfc062723c751e8b465ee728b)  -> (artifact id: '25cdf22cddb4049ac703579301d8a643') in 0.008672 seconds
  Import took 0.011896 seconds .

========================================================================
Received Import Request.
  Time since last request: 4.362850 seconds.
  path: Assets/deer_1.prefab
  artifactKey: Guid(f3dd979ccc6694b46a30d3624244917e) Importer(815301076,1909f56bfc062723c751e8b465ee728b)
Start importing Assets/deer_1.prefab using Guid(f3dd979ccc6694b46a30d3624244917e) Importer(815301076,1909f56bfc062723c751e8b465ee728b)  -> (artifact id: '86ad11488306e96ab8503a711093bfc3') in 0.008742 seconds
  Import took 0.011689 seconds .

========================================================================
Received Prepare
Registering precompiled user dll's ...
Registered in 0.000462 seconds.
Begin MonoManager ReloadAssembly
Native extension for WindowsStandalone target not found
Refreshing native plugins compatible for Editor in 0.22 ms, found 0 plugins.
Preloading 0 native plugins for Editor in 0.00 ms.
Invoked RoslynAnalysisRunner static constructor.
RoslynAnalysisRunner will not be running.
RoslynAnalysisRunner has terminated.
Mono: successfully reloaded assembly
- Completed reload, in  0.638 seconds
Platform modules already initialized, skipping
Refreshing native plugins compatible for Editor in 0.38 ms, found 0 plugins.
Preloading 0 native plugins for Editor in 0.00 ms.
Unloading 1120 Unused Serialized files (Serialized files now loaded: 0)
System memory in use before: 87.9 MB.
System memory in use after: 88.0 MB.

Unloading 5 unused Assets to reduce memory usage. Loaded Objects now: 1601.
Total: 2.063600 ms (FindLiveObjects: 0.250500 ms CreateObjectMapping: 0.062000 ms MarkObjects: 1.597600 ms  DeleteObjects: 0.152200 ms)

========================================================================
Received Import Request.
  Time since last request: 12.359530 seconds.
  path: Assets/deer_1.prefab
  artifactKey: Guid(f3dd979ccc6694b46a30d3624244917e) Importer(815301076,1909f56bfc062723c751e8b465ee728b)
Start importing Assets/deer_1.prefab using Guid(f3dd979ccc6694b46a30d3624244917e) Importer(815301076,1909f56bfc062723c751e8b465ee728b)  -> (artifact id: 'cf0a1ed6cbdb54c5d6e6d0275bc724de') in 0.083175 seconds
  Import took 0.086334 seconds .

========================================================================
Received Prepare
Registering precompiled user dll's ...
Registered in 0.000461 seconds.
Begin MonoManager ReloadAssembly
Native extension for WindowsStandalone target not found
Refreshing native plugins compatible for Editor in 0.22 ms, found 0 plugins.
Preloading 0 native plugins for Editor in 0.00 ms.
Invoked RoslynAnalysisRunner static constructor.
RoslynAnalysisRunner will not be running.
RoslynAnalysisRunner has terminated.
Mono: successfully reloaded assembly
- Completed reload, in  0.644 seconds
Platform modules already initialized, skipping
Refreshing native plugins compatible for Editor in 0.22 ms, found 0 plugins.
Preloading 0 native plugins for Editor in 0.00 ms.
Unloading 1120 Unused Serialized files (Serialized files now loaded: 0)
System memory in use before: 87.9 MB.
System memory in use after: 88.0 MB.

Unloading 5 unused Assets to reduce memory usage. Loaded Objects now: 1605.
Total: 2.264900 ms (FindLiveObjects: 0.193500 ms CreateObjectMapping: 0.052300 ms MarkObjects: 1.908900 ms  DeleteObjects: 0.108800 ms)

========================================================================
Received Import Request.
  Time since last request: 169.130265 seconds.
  path: Assets/bear.prefab
  artifactKey: Guid(f142c4ebfd6aa0149a476b200ff38e48) Importer(815301076,1909f56bfc062723c751e8b465ee728b)
Start importing Assets/bear.prefab using Guid(f142c4ebfd6aa0149a476b200ff38e48) Importer(815301076,1909f56bfc062723c751e8b465ee728b)  -> (artifact id: 'b081eca0bc6e8b9805c08aa215b8ba0a') in 0.086372 seconds
  Import took 0.089421 seconds .

========================================================================
Received Import Request.
  Time since last request: 2.115680 seconds.
  path: Assets/bear.prefab
  artifactKey: Guid(f142c4ebfd6aa0149a476b200ff38e48) Importer(815301076,1909f56bfc062723c751e8b465ee728b)
Start importing Assets/bear.prefab using Guid(f142c4ebfd6aa0149a476b200ff38e48) Importer(815301076,1909f56bfc062723c751e8b465ee728b)  -> (artifact id: '6c0182c91cf992a6b195b00b3d025d15') in 0.008515 seconds
  Import took 0.010686 seconds .

========================================================================
Received Import Request.
  Time since last request: 0.014826 seconds.
  path: Assets/bear.prefab
  artifactKey: Guid(f142c4ebfd6aa0149a476b200ff38e48) Importer(815301076,1909f56bfc062723c751e8b465ee728b)
Start importing Assets/bear.prefab using Guid(f142c4ebfd6aa0149a476b200ff38e48) Importer(815301076,1909f56bfc062723c751e8b465ee728b)  -> (artifact id: '6c0182c91cf992a6b195b00b3d025d15') in 0.010207 seconds
  Import took 0.012198 seconds .

========================================================================
Received Import Request.
  Time since last request: 6.197470 seconds.
  path: Assets/bear.prefab
  artifactKey: Guid(f142c4ebfd6aa0149a476b200ff38e48) Importer(815301076,1909f56bfc062723c751e8b465ee728b)
Start importing Assets/bear.prefab using Guid(f142c4ebfd6aa0149a476b200ff38e48) Importer(815301076,1909f56bfc062723c751e8b465ee728b)  -> (artifact id: 'aaa1d012f5a3f6a1a8ca0d8b6b4e065f') in 0.007956 seconds
  Import took 0.010065 seconds .

========================================================================
Received Import Request.
  Time since last request: 0.017921 seconds.
  path: Assets/bear.prefab
  artifactKey: Guid(f142c4ebfd6aa0149a476b200ff38e48) Importer(815301076,1909f56bfc062723c751e8b465ee728b)
Start importing Assets/bear.prefab using Guid(f142c4ebfd6aa0149a476b200ff38e48) Importer(815301076,1909f56bfc062723c751e8b465ee728b)  -> (artifact id: 'aaa1d012f5a3f6a1a8ca0d8b6b4e065f') in 0.009292 seconds
  Import took 0.011577 seconds .

========================================================================
Received Prepare
Registering precompiled user dll's ...
Registered in 0.000510 seconds.
Begin MonoManager ReloadAssembly
Native extension for WindowsStandalone target not found
Refreshing native plugins compatible for Editor in 0.22 ms, found 0 plugins.
Preloading 0 native plugins for Editor in 0.00 ms.
Invoked RoslynAnalysisRunner static constructor.
RoslynAnalysisRunner will not be running.
RoslynAnalysisRunner has terminated.
Mono: successfully reloaded assembly
- Completed reload, in  0.673 seconds
Platform modules already initialized, skipping
Refreshing native plugins compatible for Editor in 0.37 ms, found 0 plugins.
Preloading 0 native plugins for Editor in 0.00 ms.
Unloading 1120 Unused Serialized files (Serialized files now loaded: 0)
System memory in use before: 87.9 MB.
System memory in use after: 88.0 MB.

Unloading 5 unused Assets to reduce memory usage. Loaded Objects now: 1609.
Total: 1.755500 ms (FindLiveObjects: 0.159900 ms CreateObjectMapping: 0.035000 ms MarkObjects: 1.478000 ms  DeleteObjects: 0.081500 ms)

========================================================================
Received Prepare
Registering precompiled user dll's ...
Registered in 0.000460 seconds.
Begin MonoManager ReloadAssembly
Native extension for WindowsStandalone target not found
Refreshing native plugins compatible for Editor in 0.22 ms, found 0 plugins.
Preloading 0 native plugins for Editor in 0.00 ms.
Invoked RoslynAnalysisRunner static constructor.
RoslynAnalysisRunner will not be running.
RoslynAnalysisRunner has terminated.
Mono: successfully reloaded assembly
- Completed reload, in  0.628 seconds
Platform modules already initialized, skipping
Refreshing native plugins compatible for Editor in 0.26 ms, found 0 plugins.
Preloading 0 native plugins for Editor in 0.00 ms.
Unloading 1120 Unused Serialized files (Serialized files now loaded: 0)
System memory in use before: 88.0 MB.
System memory in use after: 88.0 MB.

Unloading 5 unused Assets to reduce memory usage. Loaded Objects now: 1612.
Total: 2.611600 ms (FindLiveObjects: 0.198300 ms CreateObjectMapping: 0.063100 ms MarkObjects: 2.209600 ms  DeleteObjects: 0.139300 ms)

========================================================================
Received Import Request.
  Time since last request: 658.467779 seconds.
  path: Assets/bullet2.prefab
  artifactKey: Guid(a427907588d478b4397c612bc8f45cac) Importer(815301076,1909f56bfc062723c751e8b465ee728b)
Start importing Assets/bullet2.prefab using Guid(a427907588d478b4397c612bc8f45cac) Importer(815301076,1909f56bfc062723c751e8b465ee728b)  -> (artifact id: '7a0bd9c726fa864613f1085011e8a6e5') in 0.086317 seconds
  Import took 0.091220 seconds .

========================================================================
Received Import Request.
  Time since last request: 0.913724 seconds.
  path: Assets/bullet2.prefab
  artifactKey: Guid(a427907588d478b4397c612bc8f45cac) Importer(815301076,1909f56bfc062723c751e8b465ee728b)
Start importing Assets/bullet2.prefab using Guid(a427907588d478b4397c612bc8f45cac) Importer(815301076,1909f56bfc062723c751e8b465ee728b)  -> (artifact id: 'c62da2ecc70d05746b9b4711dfa3e882') in 0.006689 seconds
  Import took 0.009136 seconds .

========================================================================
Received Import Request.
  Time since last request: 0.013751 seconds.
  path: Assets/bullet2.prefab
  artifactKey: Guid(a427907588d478b4397c612bc8f45cac) Importer(815301076,1909f56bfc062723c751e8b465ee728b)
Start importing Assets/bullet2.prefab using Guid(a427907588d478b4397c612bc8f45cac) Importer(815301076,1909f56bfc062723c751e8b465ee728b)  -> (artifact id: 'c62da2ecc70d05746b9b4711dfa3e882') in 0.009195 seconds
  Import took 0.011035 seconds .

========================================================================
Received Import Request.
  Time since last request: 17.618569 seconds.
  path: Assets/bullet2.prefab
  artifactKey: Guid(a427907588d478b4397c612bc8f45cac) Importer(815301076,1909f56bfc062723c751e8b465ee728b)
Start importing Assets/bullet2.prefab using Guid(a427907588d478b4397c612bc8f45cac) Importer(815301076,1909f56bfc062723c751e8b465ee728b)  -> (artifact id: '7d85b6034f4a5285091a2de369de1f27') in 0.006681 seconds
  Import took 0.008839 seconds .

========================================================================
Received Import Request.
  Time since last request: 0.013149 seconds.
  path: Assets/bullet2.prefab
  artifactKey: Guid(a427907588d478b4397c612bc8f45cac) Importer(815301076,1909f56bfc062723c751e8b465ee728b)
Start importing Assets/bullet2.prefab using Guid(a427907588d478b4397c612bc8f45cac) Importer(815301076,1909f56bfc062723c751e8b465ee728b)  -> (artifact id: '7d85b6034f4a5285091a2de369de1f27') in 0.009060 seconds
  Import took 0.011244 seconds .

========================================================================
Received Prepare
Registering precompiled user dll's ...
Registered in 0.000586 seconds.
Begin MonoManager ReloadAssembly
Native extension for WindowsStandalone target not found
Refreshing native plugins compatible for Editor in 0.22 ms, found 0 plugins.
Preloading 0 native plugins for Editor in 0.00 ms.
Invoked RoslynAnalysisRunner static constructor.
RoslynAnalysisRunner will not be running.
RoslynAnalysisRunner has terminated.
Mono: successfully reloaded assembly
- Completed reload, in  0.643 seconds
Platform modules already initialized, skipping
Refreshing native plugins compatible for Editor in 0.37 ms, found 0 plugins.
Preloading 0 native plugins for Editor in 0.00 ms.
Unloading 1120 Unused Serialized files (Serialized files now loaded: 0)
System memory in use before: 88.0 MB.
System memory in use after: 88.1 MB.

Unloading 5 unused Assets to reduce memory usage. Loaded Objects now: 1616.
Total: 1.816800 ms (FindLiveObjects: 0.147700 ms CreateObjectMapping: 0.039100 ms MarkObjects: 1.522800 ms  DeleteObjects: 0.106200 ms)

========================================================================
Received Import Request.
  Time since last request: 23.728015 seconds.
  path: Assets/bullet2.prefab
  artifactKey: Guid(a427907588d478b4397c612bc8f45cac) Importer(815301076,1909f56bfc062723c751e8b465ee728b)
Start importing Assets/bullet2.prefab using Guid(a427907588d478b4397c612bc8f45cac) Importer(815301076,1909f56bfc062723c751e8b465ee728b)  -> (artifact id: 'bb822855751bcf53dcd02d3edda9b976') in 0.084854 seconds
  Import took 0.088081 seconds .

========================================================================
Received Prepare
Registering precompiled user dll's ...
Registered in 0.000441 seconds.
Begin MonoManager ReloadAssembly
Native extension for WindowsStandalone target not found
Refreshing native plugins compatible for Editor in 0.24 ms, found 0 plugins.
Preloading 0 native plugins for Editor in 0.00 ms.
Invoked RoslynAnalysisRunner static constructor.
RoslynAnalysisRunner will not be running.
RoslynAnalysisRunner has terminated.
Mono: successfully reloaded assembly
- Completed reload, in  0.710 seconds
Platform modules already initialized, skipping
Refreshing native plugins compatible for Editor in 0.36 ms, found 0 plugins.
Preloading 0 native plugins for Editor in 0.00 ms.
Unloading 1120 Unused Serialized files (Serialized files now loaded: 0)
System memory in use before: 88.0 MB.
System memory in use after: 88.1 MB.

Unloading 5 unused Assets to reduce memory usage. Loaded Objects now: 1620.
Total: 2.434200 ms (FindLiveObjects: 0.231500 ms CreateObjectMapping: 0.069200 ms MarkObjects: 2.013200 ms  DeleteObjects: 0.119200 ms)

========================================================================
Received Import Request.
  Time since last request: 31.977402 seconds.
  path: Assets/bullet2.prefab
  artifactKey: Guid(a427907588d478b4397c612bc8f45cac) Importer(815301076,1909f56bfc062723c751e8b465ee728b)
Start importing Assets/bullet2.prefab using Guid(a427907588d478b4397c612bc8f45cac) Importer(815301076,1909f56bfc062723c751e8b465ee728b)  -> (artifact id: 'f5cd8f1be64fc258f174ab0bd1784d63') in 0.049432 seconds
  Import took 0.053353 seconds .

========================================================================
Received Import Request.
  Time since last request: 19.657883 seconds.
  path: Assets/bullet2.prefab
  artifactKey: Guid(a427907588d478b4397c612bc8f45cac) Importer(815301076,1909f56bfc062723c751e8b465ee728b)
Start importing Assets/bullet2.prefab using Guid(a427907588d478b4397c612bc8f45cac) Importer(815301076,1909f56bfc062723c751e8b465ee728b)  -> (artifact id: 'c8c66adfb74700142e906c536d105143') in 0.006724 seconds
  Import took 0.009435 seconds .

========================================================================
Received Prepare
Registering precompiled user dll's ...
Registered in 0.000489 seconds.
Begin MonoManager ReloadAssembly
Native extension for WindowsStandalone target not found
Refreshing native plugins compatible for Editor in 0.23 ms, found 0 plugins.
Preloading 0 native plugins for Editor in 0.00 ms.
Invoked RoslynAnalysisRunner static constructor.
RoslynAnalysisRunner will not be running.
RoslynAnalysisRunner has terminated.
Mono: successfully reloaded assembly
- Completed reload, in  0.660 seconds
Platform modules already initialized, skipping
Refreshing native plugins compatible for Editor in 0.35 ms, found 0 plugins.
Preloading 0 native plugins for Editor in 0.00 ms.
Unloading 1120 Unused Serialized files (Serialized files now loaded: 0)
System memory in use before: 88.0 MB.
System memory in use after: 88.1 MB.

Unloading 5 unused Assets to reduce memory usage. Loaded Objects now: 1624.
Total: 2.145000 ms (FindLiveObjects: 0.131300 ms CreateObjectMapping: 0.037200 ms MarkObjects: 1.871500 ms  DeleteObjects: 0.104000 ms)

========================================================================
Received Import Request.
  Time since last request: 79.057281 seconds.
  path: Assets/bullet2.prefab
  artifactKey: Guid(a427907588d478b4397c612bc8f45cac) Importer(815301076,1909f56bfc062723c751e8b465ee728b)
Start importing Assets/bullet2.prefab using Guid(a427907588d478b4397c612bc8f45cac) Importer(815301076,1909f56bfc062723c751e8b465ee728b)  -> (artifact id: 'a521ce57635a15fafebcd5cb889a919b') in 0.083652 seconds
  Import took 0.086314 seconds .

========================================================================
Received Import Request.
  Time since last request: 0.516290 seconds.
  path: Assets/bullet2.prefab
  artifactKey: Guid(a427907588d478b4397c612bc8f45cac) Importer(815301076,1909f56bfc062723c751e8b465ee728b)
Start importing Assets/bullet2.prefab using Guid(a427907588d478b4397c612bc8f45cac) Importer(815301076,1909f56bfc062723c751e8b465ee728b)  -> (artifact id: 'd88d8bc74633a0fe00d6431973e10a43') in 0.009646 seconds
  Import took 0.011977 seconds .

========================================================================
Received Import Request.
  Time since last request: 0.011929 seconds.
  path: Assets/bullet2.prefab
  artifactKey: Guid(a427907588d478b4397c612bc8f45cac) Importer(815301076,1909f56bfc062723c751e8b465ee728b)
Start importing Assets/bullet2.prefab using Guid(a427907588d478b4397c612bc8f45cac) Importer(815301076,1909f56bfc062723c751e8b465ee728b)  -> (artifact id: 'd88d8bc74633a0fe00d6431973e10a43') in 0.009009 seconds
  Import took 0.011214 seconds .

========================================================================
Received Prepare
Registering precompiled user dll's ...
Registered in 0.000774 seconds.
Begin MonoManager ReloadAssembly
Native extension for WindowsStandalone target not found
Refreshing native plugins compatible for Editor in 0.22 ms, found 0 plugins.
Preloading 0 native plugins for Editor in 0.00 ms.
Invoked RoslynAnalysisRunner static constructor.
RoslynAnalysisRunner will not be running.
RoslynAnalysisRunner has terminated.
Mono: successfully reloaded assembly
- Completed reload, in  0.657 seconds
Platform modules already initialized, skipping
Refreshing native plugins compatible for Editor in 0.36 ms, found 0 plugins.
Preloading 0 native plugins for Editor in 0.00 ms.
Unloading 1120 Unused Serialized files (Serialized files now loaded: 0)
System memory in use before: 88.0 MB.
System memory in use after: 88.1 MB.

Unloading 5 unused Assets to reduce memory usage. Loaded Objects now: 1628.
Total: 1.932200 ms (FindLiveObjects: 0.153600 ms CreateObjectMapping: 0.041400 ms MarkObjects: 1.620900 ms  DeleteObjects: 0.114800 ms)

========================================================================
Received Import Request.
  Time since last request: 47.024111 seconds.
  path: Assets/bullet2.prefab
  artifactKey: Guid(a427907588d478b4397c612bc8f45cac) Importer(815301076,1909f56bfc062723c751e8b465ee728b)
Start importing Assets/bullet2.prefab using Guid(a427907588d478b4397c612bc8f45cac) Importer(815301076,1909f56bfc062723c751e8b465ee728b)  -> (artifact id: '6852cddf50a6bc6a9a0bb34b0dd62190') in 0.083656 seconds
  Import took 0.086837 seconds .

========================================================================
Received Import Request.
  Time since last request: 1.260863 seconds.
  path: Assets/bullet2.prefab
  artifactKey: Guid(a427907588d478b4397c612bc8f45cac) Importer(815301076,1909f56bfc062723c751e8b465ee728b)
Start importing Assets/bullet2.prefab using Guid(a427907588d478b4397c612bc8f45cac) Importer(815301076,1909f56bfc062723c751e8b465ee728b)  -> (artifact id: '2b89002bf3882f95ac143743ad7e858a') in 0.009552 seconds
  Import took 0.012069 seconds .

========================================================================
Received Prepare
Registering precompiled user dll's ...
Registered in 0.000452 seconds.
Begin MonoManager ReloadAssembly
Native extension for WindowsStandalone target not found
Refreshing native plugins compatible for Editor in 0.34 ms, found 0 plugins.
Preloading 0 native plugins for Editor in 0.00 ms.
Invoked RoslynAnalysisRunner static constructor.
RoslynAnalysisRunner will not be running.
RoslynAnalysisRunner has terminated.
Mono: successfully reloaded assembly
- Completed reload, in  0.705 seconds
Platform modules already initialized, skipping
Refreshing native plugins compatible for Editor in 0.61 ms, found 0 plugins.
Preloading 0 native plugins for Editor in 0.00 ms.
Unloading 1120 Unused Serialized files (Serialized files now loaded: 0)
System memory in use before: 88.0 MB.
System memory in use after: 88.1 MB.

Unloading 5 unused Assets to reduce memory usage. Loaded Objects now: 1632.
Total: 3.102800 ms (FindLiveObjects: 0.336900 ms CreateObjectMapping: 0.092500 ms MarkObjects: 2.559600 ms  DeleteObjects: 0.112100 ms)

========================================================================
Received Import Request.
  Time since last request: 21.253642 seconds.
  path: Assets/bullet2.prefab
  artifactKey: Guid(a427907588d478b4397c612bc8f45cac) Importer(815301076,1909f56bfc062723c751e8b465ee728b)
Start importing Assets/bullet2.prefab using Guid(a427907588d478b4397c612bc8f45cac) Importer(815301076,1909f56bfc062723c751e8b465ee728b)  -> (artifact id: '3ec6749fecb2bb6f30ef7136ff845ab2') in 0.048975 seconds
  Import took 0.053104 seconds .

========================================================================
Received Import Request.
  Time since last request: 5.668492 seconds.
  path: Assets/bullet2.prefab
  artifactKey: Guid(a427907588d478b4397c612bc8f45cac) Importer(815301076,1909f56bfc062723c751e8b465ee728b)
Start importing Assets/bullet2.prefab using Guid(a427907588d478b4397c612bc8f45cac) Importer(815301076,1909f56bfc062723c751e8b465ee728b)  -> (artifact id: '280dfd3e7badeec9347ebcfc01329ed1') in 0.008323 seconds
  Import took 0.010835 seconds .

========================================================================
Received Import Request.
  Time since last request: 0.017017 seconds.
  path: Assets/bullet2.prefab
  artifactKey: Guid(a427907588d478b4397c612bc8f45cac) Importer(815301076,1909f56bfc062723c751e8b465ee728b)
Start importing Assets/bullet2.prefab using Guid(a427907588d478b4397c612bc8f45cac) Importer(815301076,1909f56bfc062723c751e8b465ee728b)  -> (artifact id: '280dfd3e7badeec9347ebcfc01329ed1') in 0.008649 seconds
  Import took 0.010552 seconds .

========================================================================
Received Import Request.
  Time since last request: 2.289802 seconds.
  path: Assets/bullet2.prefab
  artifactKey: Guid(a427907588d478b4397c612bc8f45cac) Importer(815301076,1909f56bfc062723c751e8b465ee728b)
Start importing Assets/bullet2.prefab using Guid(a427907588d478b4397c612bc8f45cac) Importer(815301076,1909f56bfc062723c751e8b465ee728b)  -> (artifact id: '5fe4d893789f97d95bc850daf362eb93') in 0.006647 seconds
  Import took 0.008848 seconds .

========================================================================
Received Import Request.
  Time since last request: 0.013838 seconds.
  path: Assets/bullet2.prefab
  artifactKey: Guid(a427907588d478b4397c612bc8f45cac) Importer(815301076,1909f56bfc062723c751e8b465ee728b)
Start importing Assets/bullet2.prefab using Guid(a427907588d478b4397c612bc8f45cac) Importer(815301076,1909f56bfc062723c751e8b465ee728b)  -> (artifact id: '5fe4d893789f97d95bc850daf362eb93') in 0.009803 seconds
  Import took 0.011749 seconds .

========================================================================
Received Import Request.
  Time since last request: 1.725691 seconds.
  path: Assets/bullet2.prefab
  artifactKey: Guid(a427907588d478b4397c612bc8f45cac) Importer(815301076,1909f56bfc062723c751e8b465ee728b)
Start importing Assets/bullet2.prefab using Guid(a427907588d478b4397c612bc8f45cac) Importer(815301076,1909f56bfc062723c751e8b465ee728b)  -> (artifact id: 'd51b85ef8b8613b827ebecfd876efb4a') in 0.006395 seconds
  Import took 0.008548 seconds .

========================================================================
Received Import Request.
  Time since last request: 0.012796 seconds.
  path: Assets/bullet2.prefab
  artifactKey: Guid(a427907588d478b4397c612bc8f45cac) Importer(815301076,1909f56bfc062723c751e8b465ee728b)
Start importing Assets/bullet2.prefab using Guid(a427907588d478b4397c612bc8f45cac) Importer(815301076,1909f56bfc062723c751e8b465ee728b)  -> (artifact id: 'd51b85ef8b8613b827ebecfd876efb4a') in 0.009370 seconds
  Import took 0.011309 seconds .

========================================================================
Received Prepare
Registering precompiled user dll's ...
Registered in 0.000435 seconds.
Begin MonoManager ReloadAssembly
Native extension for WindowsStandalone target not found
Refreshing native plugins compatible for Editor in 0.22 ms, found 0 plugins.
Preloading 0 native plugins for Editor in 0.00 ms.
Invoked RoslynAnalysisRunner static constructor.
RoslynAnalysisRunner will not be running.
RoslynAnalysisRunner has terminated.
Mono: successfully reloaded assembly
- Completed reload, in  0.677 seconds
Platform modules already initialized, skipping
Refreshing native plugins compatible for Editor in 0.24 ms, found 0 plugins.
Preloading 0 native plugins for Editor in 0.00 ms.
Unloading 1120 Unused Serialized files (Serialized files now loaded: 0)
System memory in use before: 88.0 MB.
System memory in use after: 88.1 MB.

Unloading 5 unused Assets to reduce memory usage. Loaded Objects now: 1636.
Total: 2.394900 ms (FindLiveObjects: 0.261400 ms CreateObjectMapping: 0.061900 ms MarkObjects: 1.967200 ms  DeleteObjects: 0.102900 ms)

AssetImportWorkerClient::OnTransportError - code=2 error=End of file
